17:57:27.700 [main] INFO  testscripts.LoginVerification - Navigated to topPage
17:57:27.705 [main] TRACE testscripts.LoginVerification - Trace Message!
17:57:27.705 [main] DEBUG testscripts.LoginVerification - Debug Message!
17:57:27.705 [main] INFO  testscripts.LoginVerification - Info Message!
17:57:27.705 [main] WARN  testscripts.LoginVerification - Warn Message!
17:57:27.707 [main] ERROR testscripts.LoginVerification - Error Message!
17:57:27.707 [main] FATAL testscripts.LoginVerification - Fatal Message!
17:57:31.585 [main] INFO  platform.pageobjects.LoginPage - Login button is clicked
18:17:44.146 [main] INFO  testscripts.LoginVerification - Navigated to topPage
18:17:44.184 [main] TRACE testscripts.LoginVerification - Trace Message!
18:17:44.186 [main] DEBUG testscripts.LoginVerification - Debug Message!
18:17:44.186 [main] INFO  testscripts.LoginVerification - Info Message!
18:17:44.186 [main] WARN  testscripts.LoginVerification - Warn Message!
18:17:44.187 [main] ERROR testscripts.LoginVerification - Error Message!
18:17:44.187 [main] FATAL testscripts.LoginVerification - Fatal Message!
18:17:48.340 [main] INFO  platform.pageobjects.LoginPage - Login button is clicked
18:20:15.506 [main] INFO  testscripts.LoginVerification - 2021.07.02.18.20.02
18:20:15.558 [main] INFO  testscripts.LoginVerification - Navigated to topPage
18:20:15.558 [main] TRACE testscripts.LoginVerification - Trace Message!
18:20:15.558 [main] DEBUG testscripts.LoginVerification - Debug Message!
18:20:15.559 [main] INFO  testscripts.LoginVerification - Info Message!
18:20:15.559 [main] WARN  testscripts.LoginVerification - Warn Message!
18:20:15.559 [main] ERROR testscripts.LoginVerification - Error Message!
18:20:15.559 [main] FATAL testscripts.LoginVerification - Fatal Message!
18:20:19.395 [main] INFO  platform.pageobjects.LoginPage - Login button is clicked
09:24:40.427 [main] INFO  testscripts.LoginVerification - 2021.07.05.09.24.18
09:24:40.475 [main] INFO  testscripts.LoginVerification - Navigated to topPage
09:24:40.476 [main] TRACE testscripts.LoginVerification - Trace Message!
09:24:40.476 [main] DEBUG testscripts.LoginVerification - Debug Message!
09:24:40.477 [main] INFO  testscripts.LoginVerification - Info Message!
09:24:40.477 [main] WARN  testscripts.LoginVerification - Warn Message!
09:24:40.478 [main] ERROR testscripts.LoginVerification - Error Message!
09:24:40.478 [main] FATAL testscripts.LoginVerification - Fatal Message!
09:24:45.745 [main] INFO  platform.pageobjects.LoginPage - Login button is clicked
09:38:23.043 [main] INFO  testscripts.LoginVerification - 2021.07.05.09.38.08
09:38:23.080 [main] INFO  testscripts.LoginVerification - Navigated to topPage
09:38:23.081 [main] TRACE testscripts.LoginVerification - Trace Message!
09:38:23.081 [main] DEBUG testscripts.LoginVerification - Debug Message!
09:38:23.081 [main] INFO  testscripts.LoginVerification - Info Message!
09:38:23.082 [main] WARN  testscripts.LoginVerification - Warn Message!
09:38:23.082 [main] ERROR testscripts.LoginVerification - Error Message!
09:38:23.082 [main] FATAL testscripts.LoginVerification - Fatal Message!
09:38:29.914 [main] INFO  platform.pageobjects.LoginPage - Login button is clicked
09:45:08.609 [main] INFO  testscripts.LoginVerification - 2021.07.05.09.44.52
09:45:08.658 [main] INFO  testscripts.LoginVerification - Navigated to topPage
09:45:08.659 [main] TRACE testscripts.LoginVerification - Trace Message!
09:45:08.659 [main] DEBUG testscripts.LoginVerification - Debug Message!
09:45:08.659 [main] INFO  testscripts.LoginVerification - Info Message!
09:45:08.660 [main] WARN  testscripts.LoginVerification - Warn Message!
09:45:08.660 [main] ERROR testscripts.LoginVerification - Error Message!
09:45:08.660 [main] FATAL testscripts.LoginVerification - Fatal Message!
09:45:15.179 [main] INFO  platform.pageobjects.LoginPage - Login button is clicked
09:46:51.580 [main] INFO  testscripts.LoginVerification - 2021.07.05.09.46.35
09:46:51.585 [main] INFO  testscripts.LoginVerification - Navigated to topPage
09:46:51.586 [main] TRACE testscripts.LoginVerification - Trace Message!
09:46:51.586 [main] DEBUG testscripts.LoginVerification - Debug Message!
09:46:51.586 [main] INFO  testscripts.LoginVerification - Info Message!
09:46:51.587 [main] WARN  testscripts.LoginVerification - Warn Message!
09:46:51.587 [main] ERROR testscripts.LoginVerification - Error Message!
09:46:51.587 [main] FATAL testscripts.LoginVerification - Fatal Message!
09:46:55.831 [main] INFO  platform.pageobjects.LoginPage - Login button is clicked
09:51:30.901 [main] INFO  testscripts.LoginVerification - 2021.07.05.09.51.15
09:51:30.904 [main] INFO  testscripts.LoginVerification - Navigated to topPage
09:51:30.905 [main] TRACE testscripts.LoginVerification - Trace Message!
09:51:30.905 [main] DEBUG testscripts.LoginVerification - Debug Message!
09:51:30.905 [main] INFO  testscripts.LoginVerification - Info Message!
09:51:30.906 [main] WARN  testscripts.LoginVerification - Warn Message!
09:51:30.906 [main] ERROR testscripts.LoginVerification - Error Message!
09:51:30.906 [main] FATAL testscripts.LoginVerification - Fatal Message!
09:51:35.048 [main] INFO  platform.pageobjects.LoginPage - Login button is clicked
10:00:26.403 [main] INFO  testscripts.LoginVerification - 2021.07.05.10.00.08
10:00:26.409 [main] INFO  testscripts.LoginVerification - Navigated to topPage
10:00:26.410 [main] TRACE testscripts.LoginVerification - Trace Message!
10:00:26.410 [main] DEBUG testscripts.LoginVerification - Debug Message!
10:00:26.410 [main] INFO  testscripts.LoginVerification - Info Message!
10:00:26.411 [main] WARN  testscripts.LoginVerification - Warn Message!
10:00:26.411 [main] ERROR testscripts.LoginVerification - Error Message!
10:00:26.411 [main] FATAL testscripts.LoginVerification - Fatal Message!
10:00:33.559 [main] INFO  platform.pageobjects.LoginPage - Login button is clicked
10:02:12.944 [main] INFO  testscripts.LoginVerification - 2021.07.05.10.01.57
10:02:12.948 [main] INFO  testscripts.LoginVerification - Navigated to topPage
10:02:12.949 [main] TRACE testscripts.LoginVerification - Trace Message!
10:02:12.949 [main] DEBUG testscripts.LoginVerification - Debug Message!
10:02:12.950 [main] INFO  testscripts.LoginVerification - Info Message!
10:02:12.950 [main] WARN  testscripts.LoginVerification - Warn Message!
10:02:12.950 [main] ERROR testscripts.LoginVerification - Error Message!
10:02:12.950 [main] FATAL testscripts.LoginVerification - Fatal Message!
10:02:18.859 [main] INFO  platform.pageobjects.LoginPage - Login button is clicked
10:04:32.969 [main] INFO  testscripts.LoginVerification - 2021.07.05.10.04.16
10:04:32.973 [main] INFO  testscripts.LoginVerification - Navigated to topPage
10:04:32.973 [main] TRACE testscripts.LoginVerification - Trace Message!
10:04:32.973 [main] DEBUG testscripts.LoginVerification - Debug Message!
10:04:32.973 [main] INFO  testscripts.LoginVerification - Info Message!
10:04:32.974 [main] WARN  testscripts.LoginVerification - Warn Message!
10:04:32.974 [main] ERROR testscripts.LoginVerification - Error Message!
10:04:32.974 [main] FATAL testscripts.LoginVerification - Fatal Message!
10:04:36.894 [main] INFO  platform.pageobjects.LoginPage - Login button is clicked
10:06:53.011 [main] INFO  testscripts.LoginVerification - 2021.07.05.10.06.37
10:06:53.015 [main] INFO  testscripts.LoginVerification - Navigated to topPage
10:06:53.016 [main] TRACE testscripts.LoginVerification - Trace Message!
10:06:53.016 [main] DEBUG testscripts.LoginVerification - Debug Message!
10:06:53.017 [main] INFO  testscripts.LoginVerification - Info Message!
10:06:53.017 [main] WARN  testscripts.LoginVerification - Warn Message!
10:06:53.017 [main] ERROR testscripts.LoginVerification - Error Message!
10:06:53.017 [main] FATAL testscripts.LoginVerification - Fatal Message!
10:06:58.843 [main] INFO  platform.pageobjects.LoginPage - Login button is clicked
10:10:24.518 [main] INFO  testscripts.LoginVerification - 2021.07.05.10.10.08
10:10:24.526 [main] INFO  testscripts.LoginVerification - Navigated to topPage
10:10:24.526 [main] TRACE testscripts.LoginVerification - Trace Message!
10:10:24.526 [main] DEBUG testscripts.LoginVerification - Debug Message!
10:10:24.527 [main] INFO  testscripts.LoginVerification - Info Message!
10:10:24.527 [main] WARN  testscripts.LoginVerification - Warn Message!
10:10:24.527 [main] ERROR testscripts.LoginVerification - Error Message!
10:10:24.528 [main] FATAL testscripts.LoginVerification - Fatal Message!
10:10:27.693 [main] INFO  platform.pageobjects.LoginPage - Login button is clicked
10:12:08.872 [main] INFO  testscripts.LoginVerification - 2021.07.05.10.11.54
10:12:08.875 [main] INFO  testscripts.LoginVerification - Navigated to topPage
10:12:08.876 [main] TRACE testscripts.LoginVerification - Trace Message!
10:12:08.876 [main] DEBUG testscripts.LoginVerification - Debug Message!
10:12:08.876 [main] INFO  testscripts.LoginVerification - Info Message!
10:12:08.877 [main] WARN  testscripts.LoginVerification - Warn Message!
10:12:08.877 [main] ERROR testscripts.LoginVerification - Error Message!
10:12:08.877 [main] FATAL testscripts.LoginVerification - Fatal Message!
10:12:13.551 [main] INFO  platform.pageobjects.LoginPage - Login button is clicked
10:15:39.768 [main] INFO  testscripts.LoginVerification - 2021.07.05.10.15.24
10:15:39.772 [main] INFO  testscripts.LoginVerification - Navigated to topPage
10:15:39.772 [main] TRACE testscripts.LoginVerification - Trace Message!
10:15:39.773 [main] DEBUG testscripts.LoginVerification - Debug Message!
10:15:39.773 [main] INFO  testscripts.LoginVerification - Info Message!
10:15:39.773 [main] WARN  testscripts.LoginVerification - Warn Message!
10:15:39.773 [main] ERROR testscripts.LoginVerification - Error Message!
10:15:39.773 [main] FATAL testscripts.LoginVerification - Fatal Message!
10:15:44.302 [main] INFO  platform.pageobjects.LoginPage - Login button is clicked
10:17:48.439 [main] INFO  testscripts.LoginVerification - 2021.07.05.10.17.32
10:17:48.443 [main] INFO  testscripts.LoginVerification - Navigated to topPage
10:17:48.443 [main] TRACE testscripts.LoginVerification - Trace Message!
10:17:48.443 [main] DEBUG testscripts.LoginVerification - Debug Message!
10:17:48.443 [main] INFO  testscripts.LoginVerification - Info Message!
10:17:48.444 [main] WARN  testscripts.LoginVerification - Warn Message!
10:17:48.444 [main] ERROR testscripts.LoginVerification - Error Message!
10:17:48.444 [main] FATAL testscripts.LoginVerification - Fatal Message!
10:17:52.855 [main] INFO  platform.pageobjects.LoginPage - Login button is clicked
10:21:51.890 [main] INFO  testscripts.LoginVerification - 2021.07.05.10.21.37
10:21:51.894 [main] INFO  testscripts.LoginVerification - Navigated to topPage
10:21:51.894 [main] TRACE testscripts.LoginVerification - Trace Message!
10:21:51.894 [main] DEBUG testscripts.LoginVerification - Debug Message!
10:21:51.895 [main] INFO  testscripts.LoginVerification - Info Message!
10:21:51.895 [main] WARN  testscripts.LoginVerification - Warn Message!
10:21:51.895 [main] ERROR testscripts.LoginVerification - Error Message!
10:21:51.895 [main] FATAL testscripts.LoginVerification - Fatal Message!
10:21:55.743 [main] INFO  platform.pageobjects.LoginPage - Login button is clicked
10:24:41.338 [main] INFO  testscripts.LoginVerification - 2021.07.05.10.24.24
10:24:41.342 [main] INFO  testscripts.LoginVerification - Navigated to topPage
10:24:41.342 [main] TRACE testscripts.LoginVerification - Trace Message!
10:24:41.342 [main] DEBUG testscripts.LoginVerification - Debug Message!
10:24:41.343 [main] INFO  testscripts.LoginVerification - Info Message!
10:24:41.343 [main] WARN  testscripts.LoginVerification - Warn Message!
10:24:41.343 [main] ERROR testscripts.LoginVerification - Error Message!
10:24:41.343 [main] FATAL testscripts.LoginVerification - Fatal Message!
10:24:45.334 [main] INFO  platform.pageobjects.LoginPage - Login button is clicked
10:26:24.757 [main] INFO  testscripts.LoginVerification - 2021.07.05.10.26.10
10:26:24.760 [main] INFO  testscripts.LoginVerification - Navigated to topPage
10:26:24.760 [main] TRACE testscripts.LoginVerification - Trace Message!
10:26:24.761 [main] DEBUG testscripts.LoginVerification - Debug Message!
10:26:24.761 [main] INFO  testscripts.LoginVerification - Info Message!
10:26:24.761 [main] WARN  testscripts.LoginVerification - Warn Message!
10:26:24.761 [main] ERROR testscripts.LoginVerification - Error Message!
10:26:24.761 [main] FATAL testscripts.LoginVerification - Fatal Message!
10:26:28.030 [main] INFO  platform.pageobjects.LoginPage - Login button is clicked
10:28:15.630 [main] INFO  testscripts.LoginVerification - 2021.07.05.10.27.52
10:28:15.634 [main] INFO  testscripts.LoginVerification - Navigated to topPage
10:28:15.635 [main] TRACE testscripts.LoginVerification - Trace Message!
10:28:15.636 [main] DEBUG testscripts.LoginVerification - Debug Message!
10:28:15.636 [main] INFO  testscripts.LoginVerification - Info Message!
10:28:15.636 [main] WARN  testscripts.LoginVerification - Warn Message!
10:28:15.637 [main] ERROR testscripts.LoginVerification - Error Message!
10:28:15.637 [main] FATAL testscripts.LoginVerification - Fatal Message!
10:28:19.368 [main] INFO  platform.pageobjects.LoginPage - Login button is clicked
10:31:18.157 [main] INFO  testscripts.LoginVerification - 2021.07.05.10.31.01
10:31:18.162 [main] INFO  testscripts.LoginVerification - Navigated to topPage
10:31:18.163 [main] TRACE testscripts.LoginVerification - Trace Message!
10:31:18.163 [main] DEBUG testscripts.LoginVerification - Debug Message!
10:31:18.163 [main] INFO  testscripts.LoginVerification - Info Message!
10:31:18.164 [main] WARN  testscripts.LoginVerification - Warn Message!
10:31:18.164 [main] ERROR testscripts.LoginVerification - Error Message!
10:31:18.164 [main] FATAL testscripts.LoginVerification - Fatal Message!
10:31:22.266 [main] INFO  platform.pageobjects.LoginPage - Login button is clicked
10:32:11.492 [main] INFO  testscripts.LoginVerification - 2021.07.05.10.31.56
10:32:11.496 [main] INFO  testscripts.LoginVerification - Navigated to topPage
10:32:11.496 [main] TRACE testscripts.LoginVerification - Trace Message!
10:32:11.496 [main] DEBUG testscripts.LoginVerification - Debug Message!
10:32:11.496 [main] INFO  testscripts.LoginVerification - Info Message!
10:32:11.497 [main] WARN  testscripts.LoginVerification - Warn Message!
10:32:11.497 [main] ERROR testscripts.LoginVerification - Error Message!
10:32:11.497 [main] FATAL testscripts.LoginVerification - Fatal Message!
10:32:15.015 [main] INFO  platform.pageobjects.LoginPage - Login button is clicked
10:38:20.323 [main] INFO  testscripts.LoginVerification - 2021.07.05.10.38.04
10:38:20.421 [main] INFO  testscripts.LoginVerification - Navigated to topPage
10:38:20.423 [main] TRACE testscripts.LoginVerification - Trace Message!
10:38:20.424 [main] DEBUG testscripts.LoginVerification - Debug Message!
10:38:20.425 [main] INFO  testscripts.LoginVerification - Info Message!
10:38:20.425 [main] WARN  testscripts.LoginVerification - Warn Message!
10:38:20.425 [main] ERROR testscripts.LoginVerification - Error Message!
10:38:20.425 [main] FATAL testscripts.LoginVerification - Fatal Message!
10:38:25.088 [main] INFO  platform.pageobjects.LoginPage - Login button is clicked
10:40:36.349 [main] INFO  testscripts.LoginVerification - 2021.07.05.10.40.22
10:40:36.355 [main] INFO  testscripts.LoginVerification - Navigated to topPage
10:40:36.355 [main] TRACE testscripts.LoginVerification - Trace Message!
10:40:36.355 [main] DEBUG testscripts.LoginVerification - Debug Message!
10:40:36.356 [main] INFO  testscripts.LoginVerification - Info Message!
10:40:36.356 [main] WARN  testscripts.LoginVerification - Warn Message!
10:40:36.356 [main] ERROR testscripts.LoginVerification - Error Message!
10:40:36.356 [main] FATAL testscripts.LoginVerification - Fatal Message!
10:40:40.590 [main] INFO  platform.pageobjects.LoginPage - Login button is clicked
10:49:02.715 [main] INFO  testscripts.LoginVerification - 2021.07.05.10.48.46log with timestamp
10:49:02.781 [main] INFO  testscripts.LoginVerification - Navigated to topPage
10:49:02.783 [main] TRACE testscripts.LoginVerification - Trace Message!
10:49:02.784 [main] DEBUG testscripts.LoginVerification - Debug Message!
10:49:02.785 [main] INFO  testscripts.LoginVerification - Info Message!
10:49:02.786 [main] WARN  testscripts.LoginVerification - Warn Message!
10:49:02.787 [main] ERROR testscripts.LoginVerification - Error Message!
10:49:02.788 [main] FATAL testscripts.LoginVerification - Fatal Message!
10:49:08.112 [main] INFO  platform.pageobjects.LoginPage - Login button is clicked
10:50:20.842 [main] INFO  testscripts.LoginVerification - 2021.07.05.10.50.06 log with timestamp
10:50:20.898 [main] INFO  testscripts.LoginVerification - Navigated to topPage
10:50:20.899 [main] TRACE testscripts.LoginVerification - Trace Message!
10:50:20.899 [main] DEBUG testscripts.LoginVerification - Debug Message!
10:50:20.899 [main] INFO  testscripts.LoginVerification - Info Message!
10:50:20.900 [main] WARN  testscripts.LoginVerification - Warn Message!
10:50:20.900 [main] ERROR testscripts.LoginVerification - Error Message!
10:50:20.900 [main] FATAL testscripts.LoginVerification - Fatal Message!
10:50:25.553 [main] INFO  platform.pageobjects.LoginPage - Login button is clicked
10:54:07.110 [main] INFO  testscripts.LoginVerification - 2021.07.05.10.53.52 log with timestamp
10:54:07.545 [main] INFO  testscripts.LoginVerification - Navigated to topPage
10:54:07.546 [main] TRACE testscripts.LoginVerification - Trace Message!
10:54:07.546 [main] DEBUG testscripts.LoginVerification - Debug Message!
10:54:07.547 [main] INFO  testscripts.LoginVerification - Info Message!
10:54:07.547 [main] WARN  testscripts.LoginVerification - Warn Message!
10:54:07.547 [main] ERROR testscripts.LoginVerification - Error Message!
10:54:07.547 [main] FATAL testscripts.LoginVerification - Fatal Message!
10:54:12.723 [main] INFO  platform.pageobjects.LoginPage - Login button is clicked
11:04:20.113 [main] INFO  testscripts.LoginVerification - 2021.07.05.11.04.05 log with timestamp
11:04:20.176 [main] INFO  testscripts.LoginVerification - Navigated to topPage
11:04:20.178 [main] TRACE testscripts.LoginVerification - Trace Message!
11:04:20.179 [main] DEBUG testscripts.LoginVerification - Debug Message!
11:04:20.180 [main] INFO  testscripts.LoginVerification - Info Message!
11:04:20.180 [main] WARN  testscripts.LoginVerification - Warn Message!
11:04:20.180 [main] ERROR testscripts.LoginVerification - Error Message!
11:04:20.181 [main] FATAL testscripts.LoginVerification - Fatal Message!
11:04:24.962 [main] INFO  platform.pageobjects.LoginPage - Login button is clicked
11:05:58.166 [main] INFO  testscripts.LoginVerification - 2021.07.05.11.05.43 log with timestamp
11:05:58.173 [main] INFO  testscripts.LoginVerification - Navigated to topPage
11:05:58.174 [main] TRACE testscripts.LoginVerification - Trace Message!
11:05:58.174 [main] DEBUG testscripts.LoginVerification - Debug Message!
11:05:58.174 [main] INFO  testscripts.LoginVerification - Info Message!
11:05:58.174 [main] WARN  testscripts.LoginVerification - Warn Message!
11:05:58.175 [main] ERROR testscripts.LoginVerification - Error Message!
11:05:58.175 [main] FATAL testscripts.LoginVerification - Fatal Message!
11:06:04.694 [main] INFO  platform.pageobjects.LoginPage - Login button is clicked
11:41:17.467 [main] INFO  platform.pageobjects.LoginPage - Login button is clicked
11:44:39.892 [main] INFO  platform.pageobjects.LoginPage - Login button is clicked
12:58:46.079 [main] INFO  platform.pageobjects.LoginPage - Login button is clicked
12:59:50.633 [main] INFO  platform.pageobjects.LoginPage - Login button is clicked
13:05:10.720 [main] INFO  platform.pageobjects.LoginPage - Login button is clicked
13:09:27.625 [main] INFO  platform.pageobjects.LoginPage - Login button is clicked
14:21:11.006 [main] INFO  platform.pageobjects.LoginPage - Login button is clicked
14:25:22.442 [main] INFO  platform.pageobjects.LoginPage - Login button is clicked
16:47:58.806 [main] INFO  platform.pageobjects.LoginPage - Login button is clicked
17:20:08.164 [main] INFO  platform.pageobjects.LoginPage - Login button is clicked
18:20:21.848 [main] INFO  platform.pageobjects.LoginPage - Login button is clicked
18:21:09.226 [main] INFO  platform.pageobjects.LoginPage - Login button is clicked
18:24:12.563 [main] INFO  platform.pageobjects.LoginPage - Login button is clicked
18:29:41.076 [main] INFO  platform.pageobjects.LoginPage - Login button is clicked
18:33:00.585 [main] INFO  platform.pageobjects.LoginPage - Login button is clicked
18:34:13.562 [main] INFO  platform.pageobjects.LoginPage - Login button is clicked
10:24:08.356 [main] INFO  platform.pageobjects.LoginPage - Login button is clicked
10:45:52.463 [main] INFO  platform.pageobjects.LoginPage - Login button is clicked
10:52:43.512 [main] INFO  platform.pageobjects.LoginPage - Login button is clicked
10:54:31.744 [main] INFO  platform.pageobjects.LoginPage - Login button is clicked
10:56:17.148 [main] INFO  platform.pageobjects.LoginPage - Login button is clicked
11:00:09.579 [main] INFO  platform.pageobjects.LoginPage - Login button is clicked
11:01:10.340 [main] INFO  platform.pageobjects.LoginPage - Login button is clicked
11:08:00.622 [main] INFO  platform.pageobjects.LoginPage - Login button is clicked
11:20:25.212 [main] INFO  platform.pageobjects.LoginPage - Login button is clicked
11:23:55.065 [main] INFO  platform.pageobjects.LoginPage - Login button is clicked
11:24:45.794 [main] INFO  platform.pageobjects.LoginPage - Login button is clicked
11:25:37.775 [main] INFO  platform.pageobjects.LoginPage - Login button is clicked
11:27:31.739 [main] INFO  platform.pageobjects.LoginPage - Login button is clicked
11:31:12.286 [main] INFO  platform.pageobjects.LoginPage - Login button is clicked
11:35:22.518 [main] INFO  platform.pageobjects.LoginPage - Login button is clicked
11:38:27.850 [main] INFO  platform.pageobjects.LoginPage - Login button is clicked
11:40:50.186 [main] INFO  platform.pageobjects.LoginPage - Login button is clicked
11:42:04.276 [main] INFO  platform.pageobjects.LoginPage - Login button is clicked
11:44:31.486 [main] INFO  platform.pageobjects.LoginPage - Login button is clicked
12:14:55.772 [main] INFO  platform.pageobjects.LoginPage - Login button is clicked
12:18:19.437 [main] INFO  platform.pageobjects.LoginPage - Login button is clicked
12:46:46.372 [main] INFO  platform.pageobjects.LoginPage - Login button is clicked
12:54:35.025 [main] INFO  platform.pageobjects.LoginPage - Login button is clicked
13:12:28.276 [main] INFO  platform.pageobjects.LoginPage - Login button is clicked
12:10:21.175 [main] INFO  platform.pageobjects.LoginPage - Login button is clicked
12:37:01.676 [main] INFO  platform.pageobjects.LoginPage - Login button is clicked
12:44:57.469 [main] INFO  platform.pageobjects.LoginPage - Login button is clicked
12:47:54.314 [main] INFO  platform.pageobjects.LoginPage - Login button is clicked
15:27:07.747 [main] INFO  platform.pageobjects.LoginPage - Login button is clicked
15:57:56.411 [main] INFO  platform.pageobjects.LoginPage - Login button is clicked
16:01:23.326 [main] INFO  platform.pageobjects.LoginPage - Login button is clicked
16:02:15.740 [main] INFO  platform.pageobjects.LoginPage - Login button is clicked
16:24:55.311 [main] ERROR base.NewBaseClass - Brower window is closed
16:24:55.389 [main] ERROR base.NewBaseClass - Brower window is closed
16:27:01.893 [main] ERROR base.NewBaseClass - Brower window is closed
18:20:06.552 [main] INFO  base.NewBaseClass - Browser Window is still exist
18:20:19.260 [main] INFO  base.NewBaseClass - Browser Window is still exist
18:20:39.790 [main] INFO  base.NewBaseClass - Browser Window is still exist
18:25:17.887 [main] INFO  base.NewBaseClass - Browser Window is still exist
18:25:31.192 [main] INFO  base.NewBaseClass - Browser Window is still exist
11:21:33.916 [main] INFO  platform.pageobjects.Authentication.LoginPage - Login button is clicked
11:25:20.957 [main] INFO  platform.pageobjects.Authentication.LoginPage - Login button is clicked
11:25:33.607 [main] INFO  platform.pageobjects.Authentication.LoginPage - Login button is clicked
11:31:15.810 [main] INFO  platform.pageobjects.Authentication.LoginPage - Login button is clicked
11:31:49.168 [main] INFO  platform.pageobjects.Authentication.LoginPage - Login button is clicked
11:32:00.217 [main] INFO  platform.pageobjects.Authentication.LoginPage - Login button is clicked
11:37:09.543 [main] INFO  platform.pageobjects.Authentication.LoginPage - Login button is clicked
11:37:20.169 [main] INFO  platform.pageobjects.Authentication.LoginPage - Login button is clicked
11:55:20.374 [main] INFO  platform.pageobjects.Authentication.LoginPage - Login button is clicked
12:06:21.727 [main] INFO  platform.pageobjects.Authentication.LoginPage - Login button is clicked
12:07:52.179 [main] INFO  platform.pageobjects.Authentication.LoginPage - Login button is clicked
12:08:24.933 [main] INFO  platform.pageobjects.Authentication.LoginPage - Login button is clicked
12:08:55.920 [main] INFO  platform.pageobjects.Authentication.LoginPage - Login button is clicked
12:11:22.410 [main] INFO  platform.pageobjects.Authentication.LoginPage - Login button is clicked
12:15:51.939 [main] INFO  platform.pageobjects.Authentication.LoginPage - Login button is clicked
15:16:51.951 [main] INFO  platform.pageobjects.Authentication.LoginPage - Login button is clicked
15:20:29.801 [main] INFO  platform.pageobjects.Authentication.LoginPage - Login button is clicked
09:29:28.784 [main] INFO  platform.pageobjects.Authentication.LoginPage - Login button is clicked
<<<<<<< Updated upstream
19:38:50.755 [main] INFO  platform.pageobjects.Authentication.LoginPage - Login button is clicked
08:43:00.047 [main] INFO  platform.pageobjects.Authentication.LoginPage - Login button is clicked
08:47:05.869 [main] INFO  platform.pageobjects.Authentication.LoginPage - Login button is clicked
08:58:42.550 [main] INFO  platform.pageobjects.Authentication.LoginPage - Login button is clicked
16:46:33.874 [main] INFO  platform.pageobjects.Authentication.LoginPage - Login button is clicked
09:23:57.153 [main] INFO  platform.pageobjects.Authentication.LoginPage - Login button is clicked
=======
19:09:58.824 [main] INFO  platform.pageobjects.Authentication.LoginPage - Login button is clicked
>>>>>>> Stashed changes
09:21:46.104 [main] INFO  platform.pageobjects.Authentication.LoginPage - Generated email:TestPF1221+23072021092146@gmail.com
09:21:46.815 [main] INFO  platform.pageobjects.Authentication.LoginPage - Generated eid:TestPF1221_23072021092146
09:22:04.712 [main] INFO  platform.pageobjects.Authentication.LoginPage - Password :pfqa_123
17:25:04.828 [main] INFO  utils.DeleteMails - 【STG環境】【スタギア】EiD確認コードのご案内
17:25:05.254 [main] INFO  utils.DeleteMails - 下記コードを入力してください。<br/>
確認コード： 740193 <br/>
確認コードの有効期限：24時間 <br/>
<br/>
━━━━━━━━━━━━━━━━━━━━━━━━━━━━━━━━━━━━<br/>
■ 注意事項<br/>
・このメールは送信専用メールアドレスのため、返信してお問い合わせいただくことはできません。<br/>
・このメールにお心あたりない方は、大変お手数ですが、本メールを削除いただくようお願いいたします。<br/>
・このメールの無断転載・利用はご遠慮ください。<br/>
■ お問い合わせ<br/>
サポートセンター：https://support.evidus.com/<br/>
■ 運営会社<br/>
株式会社 教育測定研究所：https://www.jiem.co.jp/<br/>
━━━━━━━━━━━━━━━━━━━━━━━━━━━━━━━━━━━━
17:25:07.891 [main] INFO  utils.DeleteMails - 【STG環境】【スタギア】EiD確認コードのご案内
17:25:08.302 [main] INFO  utils.DeleteMails - 下記コードを入力してください。<br/>
確認コード： 657651 <br/>
確認コードの有効期限：24時間 <br/>
<br/>
━━━━━━━━━━━━━━━━━━━━━━━━━━━━━━━━━━━━<br/>
■ 注意事項<br/>
・このメールは送信専用メールアドレスのため、返信してお問い合わせいただくことはできません。<br/>
・このメールにお心あたりない方は、大変お手数ですが、本メールを削除いただくようお願いいたします。<br/>
・このメールの無断転載・利用はご遠慮ください。<br/>
■ お問い合わせ<br/>
サポートセンター：https://support.evidus.com/<br/>
■ 運営会社<br/>
株式会社 教育測定研究所：https://www.jiem.co.jp/<br/>
━━━━━━━━━━━━━━━━━━━━━━━━━━━━━━━━━━━━
17:25:11.007 [main] INFO  utils.DeleteMails - 【STG環境】【スタギア】EiD確認コードのご案内
17:25:11.415 [main] INFO  utils.DeleteMails - 下記コードを入力してください。<br/>
確認コード： 363352 <br/>
確認コードの有効期限：24時間 <br/>
<br/>
━━━━━━━━━━━━━━━━━━━━━━━━━━━━━━━━━━━━<br/>
■ 注意事項<br/>
・このメールは送信専用メールアドレスのため、返信してお問い合わせいただくことはできません。<br/>
・このメールにお心あたりない方は、大変お手数ですが、本メールを削除いただくようお願いいたします。<br/>
・このメールの無断転載・利用はご遠慮ください。<br/>
■ お問い合わせ<br/>
サポートセンター：https://support.evidus.com/<br/>
■ 運営会社<br/>
株式会社 教育測定研究所：https://www.jiem.co.jp/<br/>
━━━━━━━━━━━━━━━━━━━━━━━━━━━━━━━━━━━━
13:06:55.502 [main] INFO  platform.pageobjects.Authentication.LoginPage - Login button is clicked
13:07:18.034 [main] INFO  platform.pageobjects.Authentication.LoginPage - Login button is clicked
13:07:28.147 [main] INFO  platform.pageobjects.Authentication.LoginPage - entering invalid credit card no to 'credit card number' textbox
13:07:45.228 [main] INFO  platform.pageobjects.Authentication.LoginPage - clicking on 'Expiration year' Dropdown
13:07:50.127 [main] INFO  platform.pageobjects.Authentication.LoginPage - clicking on 'Expiration year' Dropdown
13:07:52.621 [main] INFO  platform.pageobjects.Authentication.LoginPage - entering crdit card holder name to 'card name' textbox
13:07:59.886 [main] INFO  platform.pageobjects.Authentication.LoginPage - entering security code to 'securitycode' textbox
13:10:11.982 [main] INFO  platform.pageobjects.Authentication.LoginPage - Login button is clicked
13:10:35.062 [main] INFO  platform.pageobjects.Authentication.LoginPage - Login button is clicked
13:10:48.719 [main] INFO  platform.pageobjects.Authentication.LoginPage - entering invalid credit card no to 'credit card number' textbox
13:12:04.213 [main] INFO  platform.pageobjects.Authentication.LoginPage - clicking on 'Expiration year' Dropdown
13:12:07.274 [main] INFO  platform.pageobjects.Authentication.LoginPage - clicking on 'Expiration year' Dropdown
13:12:11.024 [main] INFO  platform.pageobjects.Authentication.LoginPage - entering crdit card holder name to 'card name' textbox
13:12:18.498 [main] INFO  platform.pageobjects.Authentication.LoginPage - entering security code to 'securitycode' textbox
13:26:42.552 [main] INFO  platform.pageobjects.Authentication.LoginPage - Login button is clicked
13:27:10.788 [main] INFO  platform.pageobjects.Authentication.LoginPage - Login button is clicked
13:27:25.878 [main] INFO  platform.pageobjects.Authentication.LoginPage - entering invalid credit card no to 'credit card number' textbox
13:27:50.590 [main] INFO  platform.pageobjects.Authentication.LoginPage - clicking on 'Expiration year' Dropdown
13:27:51.380 [main] INFO  platform.pageobjects.Authentication.LoginPage - clicking on 'Expiration year' Dropdown
13:27:52.085 [main] INFO  platform.pageobjects.Authentication.LoginPage - entering crdit card holder name to 'card name' textbox
13:27:54.107 [main] INFO  platform.pageobjects.Authentication.LoginPage - entering security code to 'securitycode' textbox
13:30:29.350 [main] INFO  platform.pageobjects.Authentication.LoginPage - Login button is clicked
13:30:59.884 [main] INFO  platform.pageobjects.Authentication.LoginPage - Login button is clicked
13:31:16.823 [main] INFO  platform.pageobjects.Authentication.LoginPage - entering invalid credit card no to 'credit card number' textbox
13:34:32.910 [main] INFO  platform.pageobjects.Authentication.LoginPage - clicking on 'Expiration year' Dropdown
13:34:33.696 [main] INFO  platform.pageobjects.Authentication.LoginPage - clicking on 'Expiration year' Dropdown
13:34:34.437 [main] INFO  platform.pageobjects.Authentication.LoginPage - entering crdit card holder name to 'card name' textbox
13:34:36.577 [main] INFO  platform.pageobjects.Authentication.LoginPage - entering security code to 'securitycode' textbox
13:37:13.334 [main] INFO  platform.pageobjects.Authentication.LoginPage - Login button is clicked
13:37:37.778 [main] INFO  platform.pageobjects.Authentication.LoginPage - Login button is clicked
13:37:48.602 [main] INFO  platform.pageobjects.Authentication.LoginPage - entering invalid credit card no to 'credit card number' textbox
13:40:00.193 [main] INFO  platform.pageobjects.Authentication.LoginPage - clicking on 'Expiration year' Dropdown
13:40:01.071 [main] INFO  platform.pageobjects.Authentication.LoginPage - clicking on 'Expiration year' Dropdown
13:40:01.843 [main] INFO  platform.pageobjects.Authentication.LoginPage - entering crdit card holder name to 'card name' textbox
13:40:03.994 [main] INFO  platform.pageobjects.Authentication.LoginPage - entering security code to 'securitycode' textbox
13:42:14.867 [main] INFO  platform.pageobjects.Authentication.LoginPage - Login button is clicked
13:42:43.924 [main] INFO  platform.pageobjects.Authentication.LoginPage - Login button is clicked
13:42:57.484 [main] INFO  platform.pageobjects.Authentication.LoginPage - entering invalid credit card no to 'credit card number' textbox
13:43:00.117 [main] INFO  platform.pageobjects.Authentication.LoginPage - clicking on 'Expiration year' Dropdown
13:43:00.861 [main] INFO  platform.pageobjects.Authentication.LoginPage - clicking on 'Expiration year' Dropdown
13:43:01.527 [main] INFO  platform.pageobjects.Authentication.LoginPage - entering crdit card holder name to 'card name' textbox
13:43:03.420 [main] INFO  platform.pageobjects.Authentication.LoginPage - entering security code to 'securitycode' textbox
13:47:08.553 [main] INFO  platform.pageobjects.Authentication.LoginPage - Login button is clicked
13:47:44.680 [main] INFO  platform.pageobjects.Authentication.LoginPage - Login button is clicked
13:47:57.307 [main] INFO  platform.pageobjects.Authentication.LoginPage - entering invalid credit card no to 'credit card number' textbox
13:47:58.126 [main] INFO  platform.pageobjects.Authentication.LoginPage - clicking on 'Expiration year' Dropdown
13:47:58.913 [main] INFO  platform.pageobjects.Authentication.LoginPage - clicking on 'Expiration year' Dropdown
13:47:59.614 [main] INFO  platform.pageobjects.Authentication.LoginPage - entering crdit card holder name to 'card name' textbox
13:48:01.592 [main] INFO  platform.pageobjects.Authentication.LoginPage - entering security code to 'securitycode' textbox
13:48:51.886 [main] INFO  platform.pageobjects.Authentication.LoginPage - The invalid credit card is failed message match with expected message
14:28:49.096 [main] INFO  platform.pageobjects.Authentication.LoginPage - Login button is clicked
14:29:10.625 [main] INFO  platform.pageobjects.Authentication.LoginPage - Login button is clicked
14:29:18.284 [main] INFO  platform.pageobjects.Authentication.LoginPage - entering invalid credit card no to 'credit card number' textbox
14:29:19.075 [main] INFO  platform.pageobjects.Authentication.LoginPage - clicking on 'Expiration year' Dropdown
14:29:19.806 [main] INFO  platform.pageobjects.Authentication.LoginPage - clicking on 'Expiration year' Dropdown
14:29:20.495 [main] INFO  platform.pageobjects.Authentication.LoginPage - entering crdit card holder name to 'card name' textbox
14:29:22.396 [main] INFO  platform.pageobjects.Authentication.LoginPage - entering security code to 'securitycode' textbox
14:30:05.547 [main] INFO  platform.pageobjects.Authentication.LoginPage - The invalid credit card is failed message match with expected message
14:31:31.302 [main] INFO  platform.pageobjects.Authentication.LoginPage - Login button is clicked
14:31:55.621 [main] INFO  platform.pageobjects.Authentication.LoginPage - Login button is clicked
14:32:04.444 [main] INFO  platform.pageobjects.Authentication.LoginPage - entering invalid credit card no to 'credit card number' textbox
14:32:05.246 [main] INFO  platform.pageobjects.Authentication.LoginPage - clicking on 'Expiration year' Dropdown
14:32:05.980 [main] INFO  platform.pageobjects.Authentication.LoginPage - clicking on 'Expiration year' Dropdown
14:32:06.644 [main] INFO  platform.pageobjects.Authentication.LoginPage - entering crdit card holder name to 'card name' textbox
14:32:08.540 [main] INFO  platform.pageobjects.Authentication.LoginPage - entering security code to 'securitycode' textbox
14:32:50.769 [main] INFO  platform.pageobjects.Authentication.LoginPage - The invalid credit card is failed message match with expected message
15:17:38.172 [main] INFO  platform.pageobjects.Authentication.LoginPage - Login button is clicked
15:17:58.551 [main] INFO  platform.pageobjects.Authentication.LoginPage - Login button is clicked
15:18:06.614 [main] INFO  platform.pageobjects.Authentication.LoginPage - entering invalid credit card no to 'credit card number' textbox
15:18:07.408 [main] INFO  platform.pageobjects.Authentication.LoginPage - clicking on 'Expiration year' Dropdown
15:18:08.146 [main] INFO  platform.pageobjects.Authentication.LoginPage - clicking on 'Expiration year' Dropdown
15:18:08.826 [main] INFO  platform.pageobjects.Authentication.LoginPage - entering crdit card holder name to 'card name' textbox
15:18:10.772 [main] INFO  platform.pageobjects.Authentication.LoginPage - entering security code to 'securitycode' textbox
15:18:54.089 [main] INFO  platform.pageobjects.Authentication.LoginPage - The invalid credit card is failed message match with expected message
12:02:22.237 [TestNG-tests-1] INFO  platformrunner.Runner - mode:local
12:02:22.248 [TestNG-tests-1] INFO  platformrunner.Runner - browser:chrome
12:02:22.248 [TestNG-tests-1] INFO  platformrunner.Runner - config:null
12:02:22.248 [TestNG-tests-1] INFO  platformrunner.Runner - environment:null
12:14:04.570 [TestNG-tests-1] INFO  platformrunner.Runner - mode:local
12:14:04.578 [TestNG-tests-1] INFO  platformrunner.Runner - browser:chrome
12:14:04.578 [TestNG-tests-1] INFO  platformrunner.Runner - config:null
12:14:04.578 [TestNG-tests-1] INFO  platformrunner.Runner - environment:null
12:15:07.230 [TestNG-tests-1] INFO  platform.pageobjects.Authentication.LoginPage - Login button is clicked
12:15:43.337 [TestNG-tests-1] INFO  platform.pageobjects.Authentication.LoginPage - entering Kanji Sur Name to 'kanji Sur Name' textbox
12:15:44.229 [TestNG-tests-1] INFO  platform.pageobjects.Authentication.LoginPage - entering Kanji Name to 'kanji  Name' textbox
12:15:45.099 [TestNG-tests-1] INFO  platform.pageobjects.Authentication.LoginPage - entering Kanji First Name to 'kanji First Name' textbox
12:15:45.970 [TestNG-tests-1] INFO  platform.pageobjects.Authentication.LoginPage - entering Kanji Last Name to 'kanji Last Name' textbox
12:15:53.389 [TestNG-tests-1] INFO  platform.pageobjects.Authentication.LoginPage - selecting 'Birth year ' Dropdown
12:15:53.813 [TestNG-tests-1] INFO  platform.pageobjects.Authentication.LoginPage - selecting 'Birth month ' Dropdown
12:15:54.259 [TestNG-tests-1] INFO  platform.pageobjects.Authentication.LoginPage - selecting 'Birth date ' Dropdown
12:15:55.140 [TestNG-tests-1] INFO  platform.pageobjects.Authentication.LoginPage - entering Postal Code to 'Postal Code 1' textbox
12:15:56.034 [TestNG-tests-1] INFO  platform.pageobjects.Authentication.LoginPage - entering Postal Code to 'Postal Code 2' textbox
12:16:03.393 [TestNG-tests-1] INFO  platform.pageobjects.Authentication.LoginPage - selecting 'Address prefecture' Dropdown
12:16:04.248 [TestNG-tests-1] INFO  platform.pageobjects.Authentication.LoginPage - entering Address City to 'Address City' textbox
12:16:05.758 [TestNG-tests-1] INFO  platform.pageobjects.Authentication.LoginPage - entering Address Town to 'Address Town' textbox
12:16:06.628 [TestNG-tests-1] INFO  platform.pageobjects.Authentication.LoginPage - entering Address Street to 'Address Street' textbox
12:16:07.503 [TestNG-tests-1] INFO  platform.pageobjects.Authentication.LoginPage - entering Address Apartment to 'Address Apartment' textbox
12:16:08.335 [TestNG-tests-1] INFO  platform.pageobjects.Authentication.LoginPage - entering Phone to 'Phone 1' textbox
12:16:09.356 [TestNG-tests-1] INFO  platform.pageobjects.Authentication.LoginPage - entering Phone to 'Phone 2' textbox
12:16:10.473 [TestNG-tests-1] INFO  platform.pageobjects.Authentication.LoginPage - entering Phone to 'Phone 3' textbox
20:08:15.946 [TestNG-tests-1] INFO  platformrunner.Runner - mode:local
20:08:15.951 [TestNG-tests-1] INFO  platformrunner.Runner - browser:chrome
20:08:15.952 [TestNG-tests-1] INFO  platformrunner.Runner - config:null
20:08:15.952 [TestNG-tests-1] INFO  platformrunner.Runner - environment:null
20:08:51.473 [TestNG-tests-1] INFO  platform.pageobjects.Authentication.LoginPage - Login button is clicked
20:08:51.473 [TestNG-tests-1] INFO  platform.pageobjects.Authentication.LoginPage - Login button is clicked
20:09:08.508 [TestNG-tests-1] INFO  platform.pageobjects.Authentication.LoginPage - entering Kanji Sur Name to 'kanji Sur Name' textbox
20:09:09.222 [TestNG-tests-1] INFO  platform.pageobjects.Authentication.LoginPage - entering Kanji Name to 'kanji  Name' textbox
20:09:09.938 [TestNG-tests-1] INFO  platform.pageobjects.Authentication.LoginPage - entering Kanji First Name to 'kanji First Name' textbox
20:09:10.688 [TestNG-tests-1] INFO  platform.pageobjects.Authentication.LoginPage - entering Kanji Last Name to 'kanji Last Name' textbox
20:09:11.622 [TestNG-tests-1] INFO  platform.pageobjects.Authentication.LoginPage - selecting 'Birth year ' Dropdown
20:09:11.916 [TestNG-tests-1] INFO  platform.pageobjects.Authentication.LoginPage - selecting 'Birth month ' Dropdown
20:09:12.191 [TestNG-tests-1] INFO  platform.pageobjects.Authentication.LoginPage - selecting 'Birth date ' Dropdown
20:09:12.962 [TestNG-tests-1] INFO  platform.pageobjects.Authentication.LoginPage - entering Postal Code to 'Postal Code 1' textbox
20:09:13.711 [TestNG-tests-1] INFO  platform.pageobjects.Authentication.LoginPage - entering Postal Code to 'Postal Code 2' textbox
20:09:13.975 [TestNG-tests-1] INFO  platform.pageobjects.Authentication.LoginPage - selecting 'Address prefecture' Dropdown
20:09:14.755 [TestNG-tests-1] INFO  platform.pageobjects.Authentication.LoginPage - entering Address City to 'Address City' textbox
20:09:16.025 [TestNG-tests-1] INFO  platform.pageobjects.Authentication.LoginPage - entering Address Town to 'Address Town' textbox
20:09:16.774 [TestNG-tests-1] INFO  platform.pageobjects.Authentication.LoginPage - entering Address Street to 'Address Street' textbox
20:09:17.517 [TestNG-tests-1] INFO  platform.pageobjects.Authentication.LoginPage - entering Address Apartment to 'Address Apartment' textbox
20:09:18.250 [TestNG-tests-1] INFO  platform.pageobjects.Authentication.LoginPage - entering Phone to 'Phone 1' textbox
20:09:19.041 [TestNG-tests-1] INFO  platform.pageobjects.Authentication.LoginPage - entering Phone to 'Phone 2' textbox
20:09:19.846 [TestNG-tests-1] INFO  platform.pageobjects.Authentication.LoginPage - entering Phone to 'Phone 3' textbox
20:09:25.231 [TestNG-tests-1] INFO  platform.pageobjects.Authentication.LoginPage - The user logout successfully
20:09:32.066 [TestNG-tests-1] INFO  platform.pageobjects.Authentication.LoginPage - Login button is clicked
20:09:32.067 [TestNG-tests-1] INFO  platform.pageobjects.Authentication.LoginPage - Login button is clicked
20:09:55.782 [TestNG-tests-1] INFO  platform.pageobjects.Authentication.LoginPage - Login button is clicked
20:09:55.782 [TestNG-tests-1] INFO  platform.pageobjects.Authentication.LoginPage - Login button is clicked
20:10:06.654 [TestNG-tests-1] INFO  platform.pageobjects.Authentication.LoginPage - entering invalid credit card no to 'credit card number' textbox
20:10:07.497 [TestNG-tests-1] INFO  platform.pageobjects.Authentication.LoginPage - clicking on 'Expiration year' Dropdown
20:10:08.234 [TestNG-tests-1] INFO  platform.pageobjects.Authentication.LoginPage - clicking on 'Expiration year' Dropdown
20:10:08.896 [TestNG-tests-1] INFO  platform.pageobjects.Authentication.LoginPage - entering crdit card holder name to 'card name' textbox
20:10:10.811 [TestNG-tests-1] INFO  platform.pageobjects.Authentication.LoginPage - entering security code to 'securitycode' textbox
20:11:54.855 [TestNG-tests-1] INFO  utils.CommonFunctions - Try to match text E61: E61010002: カードの登録に失敗しました with E61: E61010002: カードの登録に失敗しました
20:11:54.856 [TestNG-tests-1] INFO  platform.pageobjects.Authentication.LoginPage - The invalid credit card is failed message match with expected message
20:12:31.823 [TestNG-tests-1] INFO  platform.pageobjects.Authentication.LoginPage - Login button is clicked
20:12:31.824 [TestNG-tests-1] INFO  platform.pageobjects.Authentication.LoginPage - Login button is clicked
20:13:08.832 [TestNG-tests-1] INFO  platform.pageobjects.Authentication.LoginPage - Login button is clicked
20:13:08.832 [TestNG-tests-1] INFO  platform.pageobjects.Authentication.LoginPage - Login button is clicked
20:13:17.805 [TestNG-tests-1] INFO  platform.pageobjects.Order.Order - Click on product list page
20:13:20.290 [TestNG-tests-1] INFO  platform.pageobjects.Order.Order - Click on buy button from product list page,select 1st product-CASEC １
20:13:22.997 [TestNG-tests-1] INFO  platform.pageobjects.Order.Order - Step 1 tab :- click to 'To payment method selection' button
20:13:34.704 [TestNG-tests-1] INFO  platform.pageobjects.Order.Order - go to relogin page
20:13:34.852 [TestNG-tests-1] INFO  platform.pageobjects.Authentication.LoginPage - Re Login button is clicked
20:13:49.268 [TestNG-tests-1] INFO  platform.pageobjects.Order.Order - Step 2 tab :- click to 'Confirmation of order details' button
20:13:53.898 [TestNG-tests-1] INFO  platform.pageobjects.Order.Order - Step 3 tab :- click to 'Confirm the order' button
20:13:55.909 [TestNG-tests-1] INFO  platform.pageobjects.Order.Order - Step 4 tab :- thank You For Your Application text visible:- ご購入ありがとうございます。
20:13:55.909 [TestNG-tests-1] INFO  utils.CommonFunctions - Try to match text ご購入ありがとうございます。 with ご購入ありがとうございます。
20:13:57.002 [TestNG-tests-1] INFO  platform.pageobjects.Order.Order - Step 4 tab :- Order number text visible:- ORD000000000000000005836
20:13:57.765 [TestNG-tests-1] INFO  platform.pageobjects.Order.Order - Step 4 tab :- order history link visible
20:13:58.642 [TestNG-tests-1] INFO  platform.pageobjects.Order.Order - Step 4 tab :- start now button visible:- 今すぐはじめる
20:13:58.642 [TestNG-tests-1] INFO  utils.CommonFunctions - Try to match text 今すぐはじめる with 今すぐはじめる
20:13:59.437 [TestNG-tests-1] INFO  platform.pageobjects.Order.Order - Step 4 tab :- Frequently Asked Questions / Inquiries link visible
20:14:00.171 [TestNG-tests-1] INFO  platform.pageobjects.Order.Order - Step 4 tab :- Terms of use ・ Handling of personal information link visible
20:14:01.139 [TestNG-tests-1] INFO  platform.pageobjects.Order.Order - Step 4 tab :- privacy policy link visible
20:14:01.958 [TestNG-tests-1] INFO  platform.pageobjects.Order.Order - Step 4 tab :- Display based on the Specified Commercial Transactions Law link visible
15:41:35.599 [TestNG-tests-1] INFO  platform.pageobjects.Authentication.LoginPage - Login button is clicked
15:41:35.609 [TestNG-tests-1] INFO  platform.pageobjects.Authentication.LoginPage - Login button is clicked
15:42:52.543 [TestNG-tests-1] INFO  platform.pageobjects.Authentication.LoginPage - entering Kanji Sur Name to 'kanji Sur Name' textbox
15:42:53.274 [TestNG-tests-1] INFO  platform.pageobjects.Authentication.LoginPage - entering Kanji Name to 'kanji  Name' textbox
15:42:53.991 [TestNG-tests-1] INFO  platform.pageobjects.Authentication.LoginPage - entering Kanji First Name to 'kanji First Name' textbox
15:42:54.759 [TestNG-tests-1] INFO  platform.pageobjects.Authentication.LoginPage - entering Kanji Last Name to 'kanji Last Name' textbox
15:42:55.736 [TestNG-tests-1] INFO  platform.pageobjects.Authentication.LoginPage - selecting 'Birth year ' Dropdown
15:42:56.078 [TestNG-tests-1] INFO  platform.pageobjects.Authentication.LoginPage - selecting 'Birth month ' Dropdown
15:42:56.390 [TestNG-tests-1] INFO  platform.pageobjects.Authentication.LoginPage - selecting 'Birth date ' Dropdown
15:42:57.194 [TestNG-tests-1] INFO  platform.pageobjects.Authentication.LoginPage - entering Postal Code to 'Postal Code 1' textbox
15:42:57.932 [TestNG-tests-1] INFO  platform.pageobjects.Authentication.LoginPage - entering Postal Code to 'Postal Code 2' textbox
15:42:58.268 [TestNG-tests-1] INFO  platform.pageobjects.Authentication.LoginPage - selecting 'Address prefecture' Dropdown
15:42:59.027 [TestNG-tests-1] INFO  platform.pageobjects.Authentication.LoginPage - entering Address City to 'Address City' textbox
15:43:00.297 [TestNG-tests-1] INFO  platform.pageobjects.Authentication.LoginPage - entering Address Town to 'Address Town' textbox
15:43:01.041 [TestNG-tests-1] INFO  platform.pageobjects.Authentication.LoginPage - entering Address Street to 'Address Street' textbox
15:43:01.767 [TestNG-tests-1] INFO  platform.pageobjects.Authentication.LoginPage - entering Address Apartment to 'Address Apartment' textbox
15:43:02.542 [TestNG-tests-1] INFO  platform.pageobjects.Authentication.LoginPage - entering Phone to 'Phone 1' textbox
15:43:03.381 [TestNG-tests-1] INFO  platform.pageobjects.Authentication.LoginPage - entering Phone to 'Phone 2' textbox
15:43:04.201 [TestNG-tests-1] INFO  platform.pageobjects.Authentication.LoginPage - entering Phone to 'Phone 3' textbox
15:43:11.125 [TestNG-tests-1] INFO  platform.pageobjects.Authentication.LoginPage - The user logout successfully
15:46:10.446 [TestNG-tests-1] INFO  platform.pageobjects.Authentication.LoginPage - Login button is clicked
15:46:10.446 [TestNG-tests-1] INFO  platform.pageobjects.Authentication.LoginPage - Login button is clicked
15:47:28.985 [TestNG-tests-1] INFO  platform.pageobjects.Authentication.LoginPage - Login button is clicked
15:47:28.991 [TestNG-tests-1] INFO  platform.pageobjects.Authentication.LoginPage - Login button is clicked
15:48:32.480 [TestNG-tests-1] INFO  platform.pageobjects.Authentication.LoginPage - entering invalid credit card no to 'credit card number' textbox
15:48:33.260 [TestNG-tests-1] INFO  platform.pageobjects.Authentication.LoginPage - clicking on 'Expiration year' Dropdown
15:48:33.990 [TestNG-tests-1] INFO  platform.pageobjects.Authentication.LoginPage - clicking on 'Expiration year' Dropdown
15:48:34.695 [TestNG-tests-1] INFO  platform.pageobjects.Authentication.LoginPage - entering crdit card holder name to 'card name' textbox
15:48:36.629 [TestNG-tests-1] INFO  platform.pageobjects.Authentication.LoginPage - entering security code to 'securitycode' textbox
16:06:18.940 [TestNG-tests-1] INFO  platform.pageobjects.Authentication.LoginPage - Login button is clicked
16:06:19.431 [TestNG-tests-1] INFO  platform.pageobjects.Authentication.LoginPage - Login button is clicked
16:07:13.861 [TestNG-tests-1] INFO  platform.pageobjects.Authentication.LoginPage - entering Kanji Sur Name to 'kanji Sur Name' textbox
16:07:14.627 [TestNG-tests-1] INFO  platform.pageobjects.Authentication.LoginPage - entering Kanji Name to 'kanji  Name' textbox
16:07:15.370 [TestNG-tests-1] INFO  platform.pageobjects.Authentication.LoginPage - entering Kanji First Name to 'kanji First Name' textbox
16:07:16.110 [TestNG-tests-1] INFO  platform.pageobjects.Authentication.LoginPage - entering Kanji Last Name to 'kanji Last Name' textbox
16:07:17.036 [TestNG-tests-1] INFO  platform.pageobjects.Authentication.LoginPage - selecting 'Birth year ' Dropdown
16:07:17.448 [TestNG-tests-1] INFO  platform.pageobjects.Authentication.LoginPage - selecting 'Birth month ' Dropdown
16:07:17.869 [TestNG-tests-1] INFO  platform.pageobjects.Authentication.LoginPage - selecting 'Birth date ' Dropdown
16:07:18.637 [TestNG-tests-1] INFO  platform.pageobjects.Authentication.LoginPage - entering Postal Code to 'Postal Code 1' textbox
16:07:19.437 [TestNG-tests-1] INFO  platform.pageobjects.Authentication.LoginPage - entering Postal Code to 'Postal Code 2' textbox
16:07:19.791 [TestNG-tests-1] INFO  platform.pageobjects.Authentication.LoginPage - selecting 'Address prefecture' Dropdown
16:07:20.523 [TestNG-tests-1] INFO  platform.pageobjects.Authentication.LoginPage - entering Address City to 'Address City' textbox
16:07:21.828 [TestNG-tests-1] INFO  platform.pageobjects.Authentication.LoginPage - entering Address Town to 'Address Town' textbox
16:07:22.611 [TestNG-tests-1] INFO  platform.pageobjects.Authentication.LoginPage - entering Address Street to 'Address Street' textbox
16:07:23.389 [TestNG-tests-1] INFO  platform.pageobjects.Authentication.LoginPage - entering Address Apartment to 'Address Apartment' textbox
16:07:24.171 [TestNG-tests-1] INFO  platform.pageobjects.Authentication.LoginPage - entering Phone to 'Phone 1' textbox
16:07:24.987 [TestNG-tests-1] INFO  platform.pageobjects.Authentication.LoginPage - entering Phone to 'Phone 2' textbox
16:07:25.876 [TestNG-tests-1] INFO  platform.pageobjects.Authentication.LoginPage - entering Phone to 'Phone 3' textbox
16:07:31.726 [TestNG-tests-1] INFO  platform.pageobjects.Authentication.LoginPage - The user logout successfully
16:28:09.146 [TestNG-tests-1] INFO  platform.pageobjects.Authentication.LoginPage - Login button is clicked
16:28:09.152 [TestNG-tests-1] INFO  platform.pageobjects.Authentication.LoginPage - Login button is clicked
16:31:52.649 [TestNG-tests-1] INFO  platform.pageobjects.Authentication.LoginPage - entering Kanji Sur Name to 'kanji Sur Name' textbox
16:31:53.378 [TestNG-tests-1] INFO  platform.pageobjects.Authentication.LoginPage - entering Kanji Name to 'kanji  Name' textbox
16:31:54.089 [TestNG-tests-1] INFO  platform.pageobjects.Authentication.LoginPage - entering Kanji First Name to 'kanji First Name' textbox
16:31:54.834 [TestNG-tests-1] INFO  platform.pageobjects.Authentication.LoginPage - entering Kanji Last Name to 'kanji Last Name' textbox
16:31:55.760 [TestNG-tests-1] INFO  platform.pageobjects.Authentication.LoginPage - selecting 'Birth year ' Dropdown
16:31:56.068 [TestNG-tests-1] INFO  platform.pageobjects.Authentication.LoginPage - selecting 'Birth month ' Dropdown
16:31:56.358 [TestNG-tests-1] INFO  platform.pageobjects.Authentication.LoginPage - selecting 'Birth date ' Dropdown
16:31:57.122 [TestNG-tests-1] INFO  platform.pageobjects.Authentication.LoginPage - entering Postal Code to 'Postal Code 1' textbox
16:31:57.886 [TestNG-tests-1] INFO  platform.pageobjects.Authentication.LoginPage - entering Postal Code to 'Postal Code 2' textbox
16:31:58.169 [TestNG-tests-1] INFO  platform.pageobjects.Authentication.LoginPage - selecting 'Address prefecture' Dropdown
16:31:58.893 [TestNG-tests-1] INFO  platform.pageobjects.Authentication.LoginPage - entering Address City to 'Address City' textbox
16:32:00.171 [TestNG-tests-1] INFO  platform.pageobjects.Authentication.LoginPage - entering Address Town to 'Address Town' textbox
16:32:00.890 [TestNG-tests-1] INFO  platform.pageobjects.Authentication.LoginPage - entering Address Street to 'Address Street' textbox
16:32:01.619 [TestNG-tests-1] INFO  platform.pageobjects.Authentication.LoginPage - entering Address Apartment to 'Address Apartment' textbox
16:32:02.335 [TestNG-tests-1] INFO  platform.pageobjects.Authentication.LoginPage - entering Phone to 'Phone 1' textbox
16:32:03.107 [TestNG-tests-1] INFO  platform.pageobjects.Authentication.LoginPage - entering Phone to 'Phone 2' textbox
16:32:03.902 [TestNG-tests-1] INFO  platform.pageobjects.Authentication.LoginPage - entering Phone to 'Phone 3' textbox
16:32:15.088 [TestNG-tests-1] INFO  platform.pageobjects.Authentication.LoginPage - The user logout successfully
16:47:30.335 [TestNG-tests-1] INFO  platform.pageobjects.Authentication.LoginPage - Login button is clicked
16:47:30.341 [TestNG-tests-1] INFO  platform.pageobjects.Authentication.LoginPage - Login button is clicked
16:52:12.748 [TestNG-tests-1] INFO  platform.pageobjects.Authentication.LoginPage - Login button is clicked
16:52:12.756 [TestNG-tests-1] INFO  platform.pageobjects.Authentication.LoginPage - Login button is clicked
16:53:48.295 [TestNG-tests-1] INFO  platform.pageobjects.Authentication.LoginPage - entering Kanji Sur Name to 'kanji Sur Name' textbox
16:53:50.454 [TestNG-tests-1] INFO  platform.pageobjects.Authentication.LoginPage - entering Kanji Name to 'kanji  Name' textbox
16:53:52.546 [TestNG-tests-1] INFO  platform.pageobjects.Authentication.LoginPage - entering Kanji First Name to 'kanji First Name' textbox
16:53:54.644 [TestNG-tests-1] INFO  platform.pageobjects.Authentication.LoginPage - entering Kanji Last Name to 'kanji Last Name' textbox
16:53:55.731 [TestNG-tests-1] INFO  platform.pageobjects.Authentication.LoginPage - entering Postal Code to 'Postal Code 1' textbox
16:53:56.674 [TestNG-tests-1] INFO  platform.pageobjects.Authentication.LoginPage - entering Postal Code to 'Postal Code 2' textbox
16:53:57.820 [TestNG-tests-1] INFO  platform.pageobjects.Authentication.LoginPage - selecting 'Address prefecture' Dropdown
16:53:58.703 [TestNG-tests-1] INFO  platform.pageobjects.Authentication.LoginPage - entering Address City to 'Address City' textbox
16:54:00.180 [TestNG-tests-1] INFO  platform.pageobjects.Authentication.LoginPage - entering Address Town to 'Address Town' textbox
16:54:01.114 [TestNG-tests-1] INFO  platform.pageobjects.Authentication.LoginPage - entering Address Street to 'Address Street' textbox
16:54:02.045 [TestNG-tests-1] INFO  platform.pageobjects.Authentication.LoginPage - entering Address Apartment to 'Address Apartment' textbox
16:54:02.974 [TestNG-tests-1] INFO  platform.pageobjects.Authentication.LoginPage - entering Phone to 'Phone 1' textbox
16:54:03.962 [TestNG-tests-1] INFO  platform.pageobjects.Authentication.LoginPage - entering Phone to 'Phone 2' textbox
16:54:04.994 [TestNG-tests-1] INFO  platform.pageobjects.Authentication.LoginPage - entering Phone to 'Phone 3' textbox
16:57:16.788 [TestNG-tests-1] INFO  platform.pageobjects.Authentication.LoginPage - Login button is clicked
16:57:16.798 [TestNG-tests-1] INFO  platform.pageobjects.Authentication.LoginPage - Login button is clicked
16:58:00.455 [TestNG-tests-1] INFO  platform.pageobjects.Authentication.LoginPage - entering Kanji Sur Name to 'kanji Sur Name' textbox
16:58:01.235 [TestNG-tests-1] INFO  platform.pageobjects.Authentication.LoginPage - entering Kanji Name to 'kanji  Name' textbox
16:58:01.966 [TestNG-tests-1] INFO  platform.pageobjects.Authentication.LoginPage - entering Kanji First Name to 'kanji First Name' textbox
16:58:02.682 [TestNG-tests-1] INFO  platform.pageobjects.Authentication.LoginPage - entering Kanji Last Name to 'kanji Last Name' textbox
16:58:23.819 [TestNG-tests-1] INFO  platform.pageobjects.Authentication.LoginPage - entering Postal Code to 'Postal Code 1' textbox
17:02:03.348 [TestNG-tests-1] INFO  platform.pageobjects.Authentication.LoginPage - Login button is clicked
17:02:03.367 [TestNG-tests-1] INFO  platform.pageobjects.Authentication.LoginPage - Login button is clicked
17:04:32.768 [TestNG-tests-1] INFO  platform.pageobjects.Authentication.LoginPage - entering Kanji Sur Name to 'kanji Sur Name' textbox
17:04:33.715 [TestNG-tests-1] INFO  platform.pageobjects.Authentication.LoginPage - entering Kanji Name to 'kanji  Name' textbox
17:04:34.551 [TestNG-tests-1] INFO  platform.pageobjects.Authentication.LoginPage - entering Kanji First Name to 'kanji First Name' textbox
17:04:35.375 [TestNG-tests-1] INFO  platform.pageobjects.Authentication.LoginPage - entering Kanji Last Name to 'kanji Last Name' textbox
17:04:52.342 [TestNG-tests-1] INFO  platform.pageobjects.Authentication.LoginPage - entering Postal Code to 'Postal Code 1' textbox
17:05:01.469 [TestNG-tests-1] INFO  platform.pageobjects.Authentication.LoginPage - entering Postal Code to 'Postal Code 2' textbox
17:05:20.797 [TestNG-tests-1] INFO  platform.pageobjects.Authentication.LoginPage - selecting 'Address prefecture' Dropdown
17:05:22.112 [TestNG-tests-1] INFO  platform.pageobjects.Authentication.LoginPage - entering Address City to 'Address City' textbox
17:05:23.847 [TestNG-tests-1] INFO  platform.pageobjects.Authentication.LoginPage - entering Address Town to 'Address Town' textbox
17:05:24.915 [TestNG-tests-1] INFO  platform.pageobjects.Authentication.LoginPage - entering Address Street to 'Address Street' textbox
17:05:26.069 [TestNG-tests-1] INFO  platform.pageobjects.Authentication.LoginPage - entering Address Apartment to 'Address Apartment' textbox
17:05:27.110 [TestNG-tests-1] INFO  platform.pageobjects.Authentication.LoginPage - entering Phone to 'Phone 1' textbox
17:05:28.401 [TestNG-tests-1] INFO  platform.pageobjects.Authentication.LoginPage - entering Phone to 'Phone 2' textbox
17:05:29.675 [TestNG-tests-1] INFO  platform.pageobjects.Authentication.LoginPage - entering Phone to 'Phone 3' textbox
17:07:57.548 [TestNG-tests-1] INFO  platform.pageobjects.Authentication.LoginPage - Login button is clicked
17:07:57.562 [TestNG-tests-1] INFO  platform.pageobjects.Authentication.LoginPage - Login button is clicked
17:10:06.151 [TestNG-tests-1] INFO  platform.pageobjects.Authentication.LoginPage - entering Kanji Sur Name to 'kanji Sur Name' textbox
17:10:07.285 [TestNG-tests-1] INFO  platform.pageobjects.Authentication.LoginPage - entering Kanji Name to 'kanji  Name' textbox
17:10:08.453 [TestNG-tests-1] INFO  platform.pageobjects.Authentication.LoginPage - entering Kanji First Name to 'kanji First Name' textbox
17:10:09.623 [TestNG-tests-1] INFO  platform.pageobjects.Authentication.LoginPage - entering Kanji Last Name to 'kanji Last Name' textbox
17:10:18.060 [TestNG-tests-1] INFO  platform.pageobjects.Authentication.LoginPage - entering Postal Code to 'Postal Code 1' textbox
17:10:23.848 [TestNG-tests-1] INFO  platform.pageobjects.Authentication.LoginPage - entering Postal Code to 'Postal Code 2' textbox
17:10:24.262 [TestNG-tests-1] INFO  platform.pageobjects.Authentication.LoginPage - selecting 'Address prefecture' Dropdown
17:10:25.219 [TestNG-tests-1] INFO  platform.pageobjects.Authentication.LoginPage - entering Address City to 'Address City' textbox
17:10:26.675 [TestNG-tests-1] INFO  platform.pageobjects.Authentication.LoginPage - entering Address Town to 'Address Town' textbox
17:10:27.547 [TestNG-tests-1] INFO  platform.pageobjects.Authentication.LoginPage - entering Address Street to 'Address Street' textbox
17:10:28.385 [TestNG-tests-1] INFO  platform.pageobjects.Authentication.LoginPage - entering Address Apartment to 'Address Apartment' textbox
17:10:29.231 [TestNG-tests-1] INFO  platform.pageobjects.Authentication.LoginPage - entering Phone to 'Phone 1' textbox
17:10:30.110 [TestNG-tests-1] INFO  platform.pageobjects.Authentication.LoginPage - entering Phone to 'Phone 2' textbox
17:10:30.948 [TestNG-tests-1] INFO  platform.pageobjects.Authentication.LoginPage - entering Phone to 'Phone 3' textbox
17:53:05.523 [TestNG-tests-1] INFO  platform.pageobjects.Authentication.LoginPage - Login button is clicked
17:53:05.575 [TestNG-tests-1] INFO  platform.pageobjects.Authentication.LoginPage - Login button is clicked
17:53:54.352 [TestNG-tests-1] INFO  platform.pageobjects.Authentication.LoginPage - entering Invalid Kanji Sur Name to 'kanji Sur Name' textbox
17:53:55.189 [TestNG-tests-1] INFO  platform.pageobjects.Authentication.LoginPage - entering Invalid Kanji Name to 'kanji  Name' textbox
17:53:56.029 [TestNG-tests-1] INFO  platform.pageobjects.Authentication.LoginPage - entering Invalid Kanji First Name to 'kanji First Name' textbox
17:53:56.855 [TestNG-tests-1] INFO  platform.pageobjects.Authentication.LoginPage - entering Invalid Kanji Last Name to 'kanji Last Name' textbox
17:54:06.231 [TestNG-tests-1] INFO  platform.pageobjects.Authentication.LoginPage - entering Invalid Postal Code to 'Postal Code 1' textbox
17:54:06.984 [TestNG-tests-1] INFO  platform.pageobjects.Authentication.LoginPage - entering Invalid Postal Code to 'Postal Code 2' textbox
17:54:08.067 [TestNG-tests-1] INFO  platform.pageobjects.Authentication.LoginPage - entering Invalid Address City to 'Address City' textbox
17:54:09.485 [TestNG-tests-1] INFO  platform.pageobjects.Authentication.LoginPage - entering Invalid Address Town to 'Address Town' textbox
17:54:10.287 [TestNG-tests-1] INFO  platform.pageobjects.Authentication.LoginPage - entering Invalid Address Street to 'Address Street' textbox
17:54:11.130 [TestNG-tests-1] INFO  platform.pageobjects.Authentication.LoginPage - entering Invalid Address Apartment to 'Address Apartment' textbox
17:54:11.930 [TestNG-tests-1] INFO  platform.pageobjects.Authentication.LoginPage - entering Invalid Phone to 'Phone 1' textbox
17:54:12.787 [TestNG-tests-1] INFO  platform.pageobjects.Authentication.LoginPage - entering Invalid Phone to 'Phone 2' textbox
17:54:13.608 [TestNG-tests-1] INFO  platform.pageobjects.Authentication.LoginPage - entering Invalid Phone to 'Phone 3' textbox
17:56:36.952 [TestNG-tests-1] INFO  platform.pageobjects.Authentication.LoginPage - Login button is clicked
17:56:36.962 [TestNG-tests-1] INFO  platform.pageobjects.Authentication.LoginPage - Login button is clicked
17:57:33.214 [TestNG-tests-1] INFO  platform.pageobjects.Authentication.LoginPage - entering Invalid Kanji Sur Name to 'kanji Sur Name' textbox
17:57:34.373 [TestNG-tests-1] INFO  platform.pageobjects.Authentication.LoginPage - entering Invalid Kanji Name to 'kanji  Name' textbox
17:57:35.482 [TestNG-tests-1] INFO  platform.pageobjects.Authentication.LoginPage - entering Invalid Kanji First Name to 'kanji First Name' textbox
17:57:36.587 [TestNG-tests-1] INFO  platform.pageobjects.Authentication.LoginPage - entering Invalid Kanji Last Name to 'kanji Last Name' textbox
17:57:37.727 [TestNG-tests-1] INFO  platform.pageobjects.Authentication.LoginPage - entering Invalid Postal Code to 'Postal Code 1' textbox
17:57:38.791 [TestNG-tests-1] INFO  platform.pageobjects.Authentication.LoginPage - entering Invalid Postal Code to 'Postal Code 2' textbox
17:57:40.686 [TestNG-tests-1] INFO  platform.pageobjects.Authentication.LoginPage - entering Invalid Address City to 'Address City' textbox
17:57:42.443 [TestNG-tests-1] INFO  platform.pageobjects.Authentication.LoginPage - entering Invalid Address Town to 'Address Town' textbox
17:57:43.612 [TestNG-tests-1] INFO  platform.pageobjects.Authentication.LoginPage - entering Invalid Address Street to 'Address Street' textbox
17:57:44.768 [TestNG-tests-1] INFO  platform.pageobjects.Authentication.LoginPage - entering Invalid Address Apartment to 'Address Apartment' textbox
17:57:45.851 [TestNG-tests-1] INFO  platform.pageobjects.Authentication.LoginPage - entering Invalid Phone to 'Phone 1' textbox
17:57:47.054 [TestNG-tests-1] INFO  platform.pageobjects.Authentication.LoginPage - entering Invalid Phone to 'Phone 2' textbox
17:57:48.153 [TestNG-tests-1] INFO  platform.pageobjects.Authentication.LoginPage - entering Invalid Phone to 'Phone 3' textbox
18:00:14.521 [TestNG-tests-1] INFO  platform.pageobjects.Authentication.LoginPage - Login button is clicked
18:00:14.539 [TestNG-tests-1] INFO  platform.pageobjects.Authentication.LoginPage - Login button is clicked
18:00:41.421 [TestNG-tests-1] INFO  platform.pageobjects.Authentication.LoginPage - entering Invalid Kanji Sur Name to 'kanji Sur Name' textbox
18:00:42.339 [TestNG-tests-1] INFO  platform.pageobjects.Authentication.LoginPage - entering Invalid Kanji Name to 'kanji  Name' textbox
18:00:43.281 [TestNG-tests-1] INFO  platform.pageobjects.Authentication.LoginPage - entering Invalid Kanji First Name to 'kanji First Name' textbox
18:00:44.126 [TestNG-tests-1] INFO  platform.pageobjects.Authentication.LoginPage - entering Invalid Kanji Last Name to 'kanji Last Name' textbox
18:00:44.979 [TestNG-tests-1] INFO  platform.pageobjects.Authentication.LoginPage - entering Invalid Postal Code to 'Postal Code 1' textbox
18:00:45.894 [TestNG-tests-1] INFO  platform.pageobjects.Authentication.LoginPage - entering Invalid Postal Code to 'Postal Code 2' textbox
18:00:46.925 [TestNG-tests-1] INFO  platform.pageobjects.Authentication.LoginPage - entering Invalid Address City to 'Address City' textbox
18:00:48.381 [TestNG-tests-1] INFO  platform.pageobjects.Authentication.LoginPage - entering Invalid Address Town to 'Address Town' textbox
18:00:49.262 [TestNG-tests-1] INFO  platform.pageobjects.Authentication.LoginPage - entering Invalid Address Street to 'Address Street' textbox
18:00:50.198 [TestNG-tests-1] INFO  platform.pageobjects.Authentication.LoginPage - entering Invalid Address Apartment to 'Address Apartment' textbox
18:00:51.098 [TestNG-tests-1] INFO  platform.pageobjects.Authentication.LoginPage - entering Invalid Phone to 'Phone 1' textbox
18:00:51.991 [TestNG-tests-1] INFO  platform.pageobjects.Authentication.LoginPage - entering Invalid Phone to 'Phone 2' textbox
18:00:52.865 [TestNG-tests-1] INFO  platform.pageobjects.Authentication.LoginPage - entering Invalid Phone to 'Phone 3' textbox
18:04:04.646 [TestNG-tests-1] INFO  platform.pageobjects.Authentication.LoginPage - Login button is clicked
18:04:04.669 [TestNG-tests-1] INFO  platform.pageobjects.Authentication.LoginPage - Login button is clicked
18:04:42.573 [TestNG-tests-1] INFO  platform.pageobjects.Authentication.LoginPage - entering Invalid Kanji Sur Name to 'kanji Sur Name' textbox
18:04:43.483 [TestNG-tests-1] INFO  platform.pageobjects.Authentication.LoginPage - entering Invalid Kanji Name to 'kanji  Name' textbox
18:04:44.349 [TestNG-tests-1] INFO  platform.pageobjects.Authentication.LoginPage - entering Invalid Kanji First Name to 'kanji First Name' textbox
18:04:45.275 [TestNG-tests-1] INFO  platform.pageobjects.Authentication.LoginPage - entering Invalid Kanji Last Name to 'kanji Last Name' textbox
18:04:46.170 [TestNG-tests-1] INFO  platform.pageobjects.Authentication.LoginPage - entering Invalid Postal Code to 'Postal Code 1' textbox
18:04:47.078 [TestNG-tests-1] INFO  platform.pageobjects.Authentication.LoginPage - entering Invalid Postal Code to 'Postal Code 2' textbox
18:04:48.101 [TestNG-tests-1] INFO  platform.pageobjects.Authentication.LoginPage - entering Invalid Address City to 'Address City' textbox
18:04:49.521 [TestNG-tests-1] INFO  platform.pageobjects.Authentication.LoginPage - entering Invalid Address Town to 'Address Town' textbox
18:04:50.385 [TestNG-tests-1] INFO  platform.pageobjects.Authentication.LoginPage - entering Invalid Address Street to 'Address Street' textbox
18:04:51.326 [TestNG-tests-1] INFO  platform.pageobjects.Authentication.LoginPage - entering Invalid Address Apartment to 'Address Apartment' textbox
18:04:52.257 [TestNG-tests-1] INFO  platform.pageobjects.Authentication.LoginPage - entering Invalid Phone to 'Phone 1' textbox
18:04:53.157 [TestNG-tests-1] INFO  platform.pageobjects.Authentication.LoginPage - entering Invalid Phone to 'Phone 2' textbox
18:04:54.045 [TestNG-tests-1] INFO  platform.pageobjects.Authentication.LoginPage - entering Invalid Phone to 'Phone 3' textbox
18:07:43.717 [TestNG-tests-1] INFO  platform.pageobjects.Authentication.LoginPage - Login button is clicked
18:07:43.733 [TestNG-tests-1] INFO  platform.pageobjects.Authentication.LoginPage - Login button is clicked
18:08:04.772 [TestNG-tests-1] INFO  platform.pageobjects.Authentication.LoginPage - entering Invalid Kanji Sur Name to 'kanji Sur Name' textbox
18:08:05.765 [TestNG-tests-1] INFO  platform.pageobjects.Authentication.LoginPage - entering Invalid Kanji Name to 'kanji  Name' textbox
18:08:06.673 [TestNG-tests-1] INFO  platform.pageobjects.Authentication.LoginPage - entering Invalid Kanji First Name to 'kanji First Name' textbox
18:08:07.726 [TestNG-tests-1] INFO  platform.pageobjects.Authentication.LoginPage - entering Invalid Kanji Last Name to 'kanji Last Name' textbox
18:08:08.646 [TestNG-tests-1] INFO  platform.pageobjects.Authentication.LoginPage - entering Invalid Postal Code to 'Postal Code 1' textbox
18:08:09.533 [TestNG-tests-1] INFO  platform.pageobjects.Authentication.LoginPage - entering Invalid Postal Code to 'Postal Code 2' textbox
18:08:10.608 [TestNG-tests-1] INFO  platform.pageobjects.Authentication.LoginPage - entering Invalid Address City to 'Address City' textbox
18:08:12.036 [TestNG-tests-1] INFO  platform.pageobjects.Authentication.LoginPage - entering Invalid Address Town to 'Address Town' textbox
18:08:12.920 [TestNG-tests-1] INFO  platform.pageobjects.Authentication.LoginPage - entering Invalid Address Street to 'Address Street' textbox
18:08:13.746 [TestNG-tests-1] INFO  platform.pageobjects.Authentication.LoginPage - entering Invalid Address Apartment to 'Address Apartment' textbox
18:08:14.658 [TestNG-tests-1] INFO  platform.pageobjects.Authentication.LoginPage - entering Invalid Phone to 'Phone 1' textbox
18:08:15.527 [TestNG-tests-1] INFO  platform.pageobjects.Authentication.LoginPage - entering Invalid Phone to 'Phone 2' textbox
18:08:16.366 [TestNG-tests-1] INFO  platform.pageobjects.Authentication.LoginPage - entering Invalid Phone to 'Phone 3' textbox
18:09:25.226 [TestNG-tests-1] INFO  platform.pageobjects.Authentication.LoginPage - Login button is clicked
18:09:25.242 [TestNG-tests-1] INFO  platform.pageobjects.Authentication.LoginPage - Login button is clicked
18:09:42.875 [TestNG-tests-1] INFO  platform.pageobjects.Authentication.LoginPage - entering Invalid Kanji Sur Name to 'kanji Sur Name' textbox
18:09:43.797 [TestNG-tests-1] INFO  platform.pageobjects.Authentication.LoginPage - entering Invalid Kanji Name to 'kanji  Name' textbox
18:09:44.632 [TestNG-tests-1] INFO  platform.pageobjects.Authentication.LoginPage - entering Invalid Kanji First Name to 'kanji First Name' textbox
18:09:45.527 [TestNG-tests-1] INFO  platform.pageobjects.Authentication.LoginPage - entering Invalid Kanji Last Name to 'kanji Last Name' textbox
18:09:46.277 [TestNG-tests-1] INFO  platform.pageobjects.Authentication.LoginPage - entering Invalid Postal Code to 'Postal Code 1' textbox
18:09:47.166 [TestNG-tests-1] INFO  platform.pageobjects.Authentication.LoginPage - entering Invalid Postal Code to 'Postal Code 2' textbox
18:09:48.215 [TestNG-tests-1] INFO  platform.pageobjects.Authentication.LoginPage - entering Invalid Address City to 'Address City' textbox
18:09:49.691 [TestNG-tests-1] INFO  platform.pageobjects.Authentication.LoginPage - entering Invalid Address Town to 'Address Town' textbox
18:09:50.566 [TestNG-tests-1] INFO  platform.pageobjects.Authentication.LoginPage - entering Invalid Address Street to 'Address Street' textbox
18:09:51.416 [TestNG-tests-1] INFO  platform.pageobjects.Authentication.LoginPage - entering Invalid Address Apartment to 'Address Apartment' textbox
18:09:52.282 [TestNG-tests-1] INFO  platform.pageobjects.Authentication.LoginPage - entering Invalid Phone to 'Phone 1' textbox
18:09:53.230 [TestNG-tests-1] INFO  platform.pageobjects.Authentication.LoginPage - entering Invalid Phone to 'Phone 2' textbox
18:09:54.053 [TestNG-tests-1] INFO  platform.pageobjects.Authentication.LoginPage - entering Invalid Phone to 'Phone 3' textbox
18:16:06.083 [TestNG-tests-1] INFO  platform.pageobjects.Authentication.LoginPage - Login button is clicked
18:16:06.096 [TestNG-tests-1] INFO  platform.pageobjects.Authentication.LoginPage - Login button is clicked
18:16:26.894 [TestNG-tests-1] INFO  platform.pageobjects.Authentication.LoginPage - entering Invalid Kanji Sur Name to 'kanji Sur Name' textbox
18:16:27.807 [TestNG-tests-1] INFO  platform.pageobjects.Authentication.LoginPage - entering Invalid Kanji Name to 'kanji  Name' textbox
18:16:28.722 [TestNG-tests-1] INFO  platform.pageobjects.Authentication.LoginPage - entering Invalid Kanji First Name to 'kanji First Name' textbox
18:16:29.638 [TestNG-tests-1] INFO  platform.pageobjects.Authentication.LoginPage - entering Invalid Kanji Last Name to 'kanji Last Name' textbox
18:16:30.534 [TestNG-tests-1] INFO  platform.pageobjects.Authentication.LoginPage - entering Invalid Postal Code to 'Postal Code 1' textbox
18:16:31.440 [TestNG-tests-1] INFO  platform.pageobjects.Authentication.LoginPage - entering Invalid Postal Code to 'Postal Code 2' textbox
18:16:32.402 [TestNG-tests-1] INFO  platform.pageobjects.Authentication.LoginPage - entering Invalid Address City to 'Address City' textbox
18:16:33.870 [TestNG-tests-1] INFO  platform.pageobjects.Authentication.LoginPage - entering Invalid Address Town to 'Address Town' textbox
18:16:34.788 [TestNG-tests-1] INFO  platform.pageobjects.Authentication.LoginPage - entering Invalid Address Street to 'Address Street' textbox
18:16:35.735 [TestNG-tests-1] INFO  platform.pageobjects.Authentication.LoginPage - entering Invalid Address Apartment to 'Address Apartment' textbox
18:16:36.643 [TestNG-tests-1] INFO  platform.pageobjects.Authentication.LoginPage - entering Invalid Phone to 'Phone 1' textbox
18:16:37.561 [TestNG-tests-1] INFO  platform.pageobjects.Authentication.LoginPage - entering Invalid Phone to 'Phone 2' textbox
18:16:38.459 [TestNG-tests-1] INFO  platform.pageobjects.Authentication.LoginPage - entering Invalid Phone to 'Phone 3' textbox
18:19:09.676 [TestNG-tests-1] INFO  platform.pageobjects.Authentication.LoginPage - Login button is clicked
18:19:09.685 [TestNG-tests-1] INFO  platform.pageobjects.Authentication.LoginPage - Login button is clicked
18:19:58.033 [TestNG-tests-1] INFO  platform.pageobjects.Authentication.LoginPage - entering Invalid Kanji Sur Name to 'kanji Sur Name' textbox
18:19:58.886 [TestNG-tests-1] INFO  platform.pageobjects.Authentication.LoginPage - entering Invalid Kanji Name to 'kanji  Name' textbox
18:19:59.780 [TestNG-tests-1] INFO  platform.pageobjects.Authentication.LoginPage - entering Invalid Kanji First Name to 'kanji First Name' textbox
18:20:00.689 [TestNG-tests-1] INFO  platform.pageobjects.Authentication.LoginPage - entering Invalid Kanji Last Name to 'kanji Last Name' textbox
18:20:01.577 [TestNG-tests-1] INFO  platform.pageobjects.Authentication.LoginPage - entering Invalid Postal Code to 'Postal Code 1' textbox
18:20:02.377 [TestNG-tests-1] INFO  platform.pageobjects.Authentication.LoginPage - entering Invalid Postal Code to 'Postal Code 2' textbox
18:20:03.363 [TestNG-tests-1] INFO  platform.pageobjects.Authentication.LoginPage - entering Invalid Address City to 'Address City' textbox
18:20:04.788 [TestNG-tests-1] INFO  platform.pageobjects.Authentication.LoginPage - entering Invalid Address Town to 'Address Town' textbox
18:20:05.634 [TestNG-tests-1] INFO  platform.pageobjects.Authentication.LoginPage - entering Invalid Address Street to 'Address Street' textbox
18:20:06.499 [TestNG-tests-1] INFO  platform.pageobjects.Authentication.LoginPage - entering Invalid Address Apartment to 'Address Apartment' textbox
18:20:07.383 [TestNG-tests-1] INFO  platform.pageobjects.Authentication.LoginPage - entering Invalid Phone to 'Phone 1' textbox
18:20:08.266 [TestNG-tests-1] INFO  platform.pageobjects.Authentication.LoginPage - entering Invalid Phone to 'Phone 2' textbox
18:20:09.123 [TestNG-tests-1] INFO  platform.pageobjects.Authentication.LoginPage - entering Invalid Phone to 'Phone 3' textbox
18:21:14.782 [TestNG-tests-1] INFO  platform.pageobjects.Authentication.LoginPage - Login button is clicked
18:21:14.804 [TestNG-tests-1] INFO  platform.pageobjects.Authentication.LoginPage - Login button is clicked
18:21:32.172 [TestNG-tests-1] INFO  platform.pageobjects.Authentication.LoginPage - entering Invalid Kanji Sur Name to 'kanji Sur Name' textbox
18:21:33.106 [TestNG-tests-1] INFO  platform.pageobjects.Authentication.LoginPage - entering Invalid Kanji Name to 'kanji  Name' textbox
18:21:34.005 [TestNG-tests-1] INFO  platform.pageobjects.Authentication.LoginPage - entering Invalid Kanji First Name to 'kanji First Name' textbox
18:21:34.918 [TestNG-tests-1] INFO  platform.pageobjects.Authentication.LoginPage - entering Invalid Kanji Last Name to 'kanji Last Name' textbox
18:21:35.792 [TestNG-tests-1] INFO  platform.pageobjects.Authentication.LoginPage - entering Invalid Postal Code to 'Postal Code 1' textbox
18:21:36.608 [TestNG-tests-1] INFO  platform.pageobjects.Authentication.LoginPage - entering Invalid Postal Code to 'Postal Code 2' textbox
18:21:37.692 [TestNG-tests-1] INFO  platform.pageobjects.Authentication.LoginPage - entering Invalid Address City to 'Address City' textbox
18:21:39.094 [TestNG-tests-1] INFO  platform.pageobjects.Authentication.LoginPage - entering Invalid Address Town to 'Address Town' textbox
18:21:39.918 [TestNG-tests-1] INFO  platform.pageobjects.Authentication.LoginPage - entering Invalid Address Street to 'Address Street' textbox
18:21:40.765 [TestNG-tests-1] INFO  platform.pageobjects.Authentication.LoginPage - entering Invalid Address Apartment to 'Address Apartment' textbox
18:21:41.607 [TestNG-tests-1] INFO  platform.pageobjects.Authentication.LoginPage - entering Invalid Phone to 'Phone 1' textbox
18:21:42.434 [TestNG-tests-1] INFO  platform.pageobjects.Authentication.LoginPage - entering Invalid Phone to 'Phone 2' textbox
18:21:43.206 [TestNG-tests-1] INFO  platform.pageobjects.Authentication.LoginPage - entering Invalid Phone to 'Phone 3' textbox
18:26:19.014 [TestNG-tests-1] INFO  platform.pageobjects.Authentication.LoginPage - Login button is clicked
18:26:19.023 [TestNG-tests-1] INFO  platform.pageobjects.Authentication.LoginPage - Login button is clicked
18:26:53.626 [TestNG-tests-1] INFO  platform.pageobjects.Authentication.LoginPage - entering Invalid Kanji Sur Name to 'kanji Sur Name' textbox
18:26:54.606 [TestNG-tests-1] INFO  platform.pageobjects.Authentication.LoginPage - entering Invalid Kanji Name to 'kanji  Name' textbox
18:26:55.467 [TestNG-tests-1] INFO  platform.pageobjects.Authentication.LoginPage - entering Invalid Kanji First Name to 'kanji First Name' textbox
18:26:56.389 [TestNG-tests-1] INFO  platform.pageobjects.Authentication.LoginPage - entering Invalid Kanji Last Name to 'kanji Last Name' textbox
18:26:57.211 [TestNG-tests-1] INFO  platform.pageobjects.Authentication.LoginPage - entering Invalid Postal Code to 'Postal Code 1' textbox
18:26:58.101 [TestNG-tests-1] INFO  platform.pageobjects.Authentication.LoginPage - entering Invalid Postal Code to 'Postal Code 2' textbox
18:26:59.069 [TestNG-tests-1] INFO  platform.pageobjects.Authentication.LoginPage - entering Invalid Address City to 'Address City' textbox
18:27:00.517 [TestNG-tests-1] INFO  platform.pageobjects.Authentication.LoginPage - entering Invalid Address Town to 'Address Town' textbox
18:27:01.378 [TestNG-tests-1] INFO  platform.pageobjects.Authentication.LoginPage - entering Invalid Address Street to 'Address Street' textbox
18:27:02.337 [TestNG-tests-1] INFO  platform.pageobjects.Authentication.LoginPage - entering Invalid Address Apartment to 'Address Apartment' textbox
18:27:03.242 [TestNG-tests-1] INFO  platform.pageobjects.Authentication.LoginPage - entering Invalid Phone to 'Phone 1' textbox
18:27:04.169 [TestNG-tests-1] INFO  platform.pageobjects.Authentication.LoginPage - entering Invalid Phone to 'Phone 2' textbox
18:27:05.021 [TestNG-tests-1] INFO  platform.pageobjects.Authentication.LoginPage - entering Invalid Phone to 'Phone 3' textbox
18:30:28.933 [TestNG-tests-1] INFO  platform.pageobjects.Authentication.LoginPage - Login button is clicked
18:30:28.945 [TestNG-tests-1] INFO  platform.pageobjects.Authentication.LoginPage - Login button is clicked
18:30:50.587 [TestNG-tests-1] INFO  platform.pageobjects.Authentication.LoginPage - entering Invalid Kanji Sur Name to 'kanji Sur Name' textbox
18:30:51.496 [TestNG-tests-1] INFO  platform.pageobjects.Authentication.LoginPage - entering Invalid Kanji Name to 'kanji  Name' textbox
18:30:52.368 [TestNG-tests-1] INFO  platform.pageobjects.Authentication.LoginPage - entering Invalid Kanji First Name to 'kanji First Name' textbox
18:30:53.260 [TestNG-tests-1] INFO  platform.pageobjects.Authentication.LoginPage - entering Invalid Kanji Last Name to 'kanji Last Name' textbox
18:30:54.122 [TestNG-tests-1] INFO  platform.pageobjects.Authentication.LoginPage - entering Invalid Postal Code to 'Postal Code 1' textbox
18:30:54.991 [TestNG-tests-1] INFO  platform.pageobjects.Authentication.LoginPage - entering Invalid Postal Code to 'Postal Code 2' textbox
18:30:55.974 [TestNG-tests-1] INFO  platform.pageobjects.Authentication.LoginPage - entering Invalid Address City to 'Address City' textbox
18:30:57.425 [TestNG-tests-1] INFO  platform.pageobjects.Authentication.LoginPage - entering Invalid Address Town to 'Address Town' textbox
18:30:58.373 [TestNG-tests-1] INFO  platform.pageobjects.Authentication.LoginPage - entering Invalid Address Street to 'Address Street' textbox
18:30:59.283 [TestNG-tests-1] INFO  platform.pageobjects.Authentication.LoginPage - entering Invalid Address Apartment to 'Address Apartment' textbox
18:31:00.228 [TestNG-tests-1] INFO  platform.pageobjects.Authentication.LoginPage - entering Invalid Phone to 'Phone 1' textbox
18:31:01.182 [TestNG-tests-1] INFO  platform.pageobjects.Authentication.LoginPage - entering Invalid Phone to 'Phone 2' textbox
18:31:02.303 [TestNG-tests-1] INFO  platform.pageobjects.Authentication.LoginPage - entering Invalid Phone to 'Phone 3' textbox
18:38:43.479 [TestNG-tests-1] INFO  platform.pageobjects.Authentication.LoginPage - Login button is clicked
18:38:43.486 [TestNG-tests-1] INFO  platform.pageobjects.Authentication.LoginPage - Login button is clicked
18:39:01.949 [TestNG-tests-1] INFO  platform.pageobjects.Authentication.LoginPage - entering Invalid Kanji Sur Name to 'kanji Sur Name' textbox
18:39:02.864 [TestNG-tests-1] INFO  platform.pageobjects.Authentication.LoginPage - entering Invalid Kanji Name to 'kanji  Name' textbox
18:39:03.766 [TestNG-tests-1] INFO  platform.pageobjects.Authentication.LoginPage - entering Invalid Kanji First Name to 'kanji First Name' textbox
18:39:04.696 [TestNG-tests-1] INFO  platform.pageobjects.Authentication.LoginPage - entering Invalid Kanji Last Name to 'kanji Last Name' textbox
18:39:05.566 [TestNG-tests-1] INFO  platform.pageobjects.Authentication.LoginPage - entering Invalid Postal Code to 'Postal Code 1' textbox
18:39:06.370 [TestNG-tests-1] INFO  platform.pageobjects.Authentication.LoginPage - entering Invalid Postal Code to 'Postal Code 2' textbox
18:39:07.346 [TestNG-tests-1] INFO  platform.pageobjects.Authentication.LoginPage - entering Invalid Address City to 'Address City' textbox
18:39:08.773 [TestNG-tests-1] INFO  platform.pageobjects.Authentication.LoginPage - entering Invalid Address Town to 'Address Town' textbox
18:39:09.632 [TestNG-tests-1] INFO  platform.pageobjects.Authentication.LoginPage - entering Invalid Address Street to 'Address Street' textbox
18:39:10.511 [TestNG-tests-1] INFO  platform.pageobjects.Authentication.LoginPage - entering Invalid Address Apartment to 'Address Apartment' textbox
18:39:11.338 [TestNG-tests-1] INFO  platform.pageobjects.Authentication.LoginPage - entering Invalid Phone to 'Phone 1' textbox
18:39:12.189 [TestNG-tests-1] INFO  platform.pageobjects.Authentication.LoginPage - entering Invalid Phone to 'Phone 2' textbox
18:39:13.085 [TestNG-tests-1] INFO  platform.pageobjects.Authentication.LoginPage - entering Invalid Phone to 'Phone 3' textbox
18:47:44.931 [TestNG-tests-1] INFO  platform.pageobjects.Authentication.LoginPage - Login button is clicked
18:47:44.940 [TestNG-tests-1] INFO  platform.pageobjects.Authentication.LoginPage - Login button is clicked
18:48:09.541 [TestNG-tests-1] INFO  platform.pageobjects.Authentication.LoginPage - entering Invalid Kanji Sur Name to 'kanji Sur Name' textbox
18:48:10.428 [TestNG-tests-1] INFO  platform.pageobjects.Authentication.LoginPage - entering Invalid Kanji Name to 'kanji  Name' textbox
18:48:11.365 [TestNG-tests-1] INFO  platform.pageobjects.Authentication.LoginPage - entering Invalid Kanji First Name to 'kanji First Name' textbox
18:48:12.296 [TestNG-tests-1] INFO  platform.pageobjects.Authentication.LoginPage - entering Invalid Kanji Last Name to 'kanji Last Name' textbox
18:48:13.127 [TestNG-tests-1] INFO  platform.pageobjects.Authentication.LoginPage - entering Invalid Postal Code to 'Postal Code 1' textbox
18:48:13.983 [TestNG-tests-1] INFO  platform.pageobjects.Authentication.LoginPage - entering Invalid Postal Code to 'Postal Code 2' textbox
18:48:15.056 [TestNG-tests-1] INFO  platform.pageobjects.Authentication.LoginPage - entering Invalid Address City to 'Address City' textbox
18:48:16.487 [TestNG-tests-1] INFO  platform.pageobjects.Authentication.LoginPage - entering Invalid Address Town to 'Address Town' textbox
18:48:17.371 [TestNG-tests-1] INFO  platform.pageobjects.Authentication.LoginPage - entering Invalid Address Street to 'Address Street' textbox
18:48:18.256 [TestNG-tests-1] INFO  platform.pageobjects.Authentication.LoginPage - entering Invalid Address Apartment to 'Address Apartment' textbox
18:48:19.125 [TestNG-tests-1] INFO  platform.pageobjects.Authentication.LoginPage - entering Invalid Phone to 'Phone 1' textbox
18:48:19.955 [TestNG-tests-1] INFO  platform.pageobjects.Authentication.LoginPage - entering Invalid Phone to 'Phone 2' textbox
18:48:20.756 [TestNG-tests-1] INFO  platform.pageobjects.Authentication.LoginPage - entering Invalid Phone to 'Phone 3' textbox
18:58:52.601 [TestNG-tests-1] INFO  platform.pageobjects.Authentication.LoginPage - Login button is clicked
18:58:52.614 [TestNG-tests-1] INFO  platform.pageobjects.Authentication.LoginPage - Login button is clicked
18:59:16.275 [TestNG-tests-1] INFO  platform.pageobjects.Authentication.LoginPage - entering Invalid Kanji Sur Name to 'kanji Sur Name' textbox
18:59:17.155 [TestNG-tests-1] INFO  platform.pageobjects.Authentication.LoginPage - entering Invalid Kanji Name to 'kanji  Name' textbox
18:59:18.052 [TestNG-tests-1] INFO  platform.pageobjects.Authentication.LoginPage - entering Invalid Kanji First Name to 'kanji First Name' textbox
18:59:18.855 [TestNG-tests-1] INFO  platform.pageobjects.Authentication.LoginPage - entering Invalid Kanji Last Name to 'kanji Last Name' textbox
18:59:19.677 [TestNG-tests-1] INFO  platform.pageobjects.Authentication.LoginPage - entering Invalid Postal Code to 'Postal Code 1' textbox
18:59:20.469 [TestNG-tests-1] INFO  platform.pageobjects.Authentication.LoginPage - entering Invalid Postal Code to 'Postal Code 2' textbox
18:59:21.473 [TestNG-tests-1] INFO  platform.pageobjects.Authentication.LoginPage - entering Invalid Address City to 'Address City' textbox
18:59:22.894 [TestNG-tests-1] INFO  platform.pageobjects.Authentication.LoginPage - entering Invalid Address Town to 'Address Town' textbox
18:59:23.755 [TestNG-tests-1] INFO  platform.pageobjects.Authentication.LoginPage - entering Invalid Address Street to 'Address Street' textbox
18:59:24.875 [TestNG-tests-1] INFO  platform.pageobjects.Authentication.LoginPage - entering Invalid Address Apartment to 'Address Apartment' textbox
18:59:25.761 [TestNG-tests-1] INFO  platform.pageobjects.Authentication.LoginPage - entering Invalid Phone to 'Phone 1' textbox
18:59:26.646 [TestNG-tests-1] INFO  platform.pageobjects.Authentication.LoginPage - entering Invalid Phone to 'Phone 2' textbox
18:59:27.419 [TestNG-tests-1] INFO  platform.pageobjects.Authentication.LoginPage - entering Invalid Phone to 'Phone 3' textbox
19:02:05.580 [TestNG-tests-1] INFO  platform.pageobjects.Authentication.LoginPage - Login button is clicked
19:02:05.594 [TestNG-tests-1] INFO  platform.pageobjects.Authentication.LoginPage - Login button is clicked
19:02:26.620 [TestNG-tests-1] INFO  platform.pageobjects.Authentication.LoginPage - entering Invalid Kanji Sur Name to 'kanji Sur Name' textbox
19:02:27.497 [TestNG-tests-1] INFO  platform.pageobjects.Authentication.LoginPage - entering Invalid Kanji Name to 'kanji  Name' textbox
19:02:28.352 [TestNG-tests-1] INFO  platform.pageobjects.Authentication.LoginPage - entering Invalid Kanji First Name to 'kanji First Name' textbox
19:02:29.219 [TestNG-tests-1] INFO  platform.pageobjects.Authentication.LoginPage - entering Invalid Kanji Last Name to 'kanji Last Name' textbox
19:02:30.088 [TestNG-tests-1] INFO  platform.pageobjects.Authentication.LoginPage - entering Invalid Postal Code to 'Postal Code 1' textbox
19:02:31.067 [TestNG-tests-1] INFO  platform.pageobjects.Authentication.LoginPage - entering Invalid Postal Code to 'Postal Code 2' textbox
19:02:32.054 [TestNG-tests-1] INFO  platform.pageobjects.Authentication.LoginPage - entering Invalid Address City to 'Address City' textbox
19:02:33.422 [TestNG-tests-1] INFO  platform.pageobjects.Authentication.LoginPage - entering Invalid Address Town to 'Address Town' textbox
19:02:34.538 [TestNG-tests-1] INFO  platform.pageobjects.Authentication.LoginPage - entering Invalid Address Street to 'Address Street' textbox
19:02:35.503 [TestNG-tests-1] INFO  platform.pageobjects.Authentication.LoginPage - entering Invalid Address Apartment to 'Address Apartment' textbox
19:02:36.375 [TestNG-tests-1] INFO  platform.pageobjects.Authentication.LoginPage - entering Invalid Phone to 'Phone 1' textbox
19:02:37.207 [TestNG-tests-1] INFO  platform.pageobjects.Authentication.LoginPage - entering Invalid Phone to 'Phone 2' textbox
19:02:38.112 [TestNG-tests-1] INFO  platform.pageobjects.Authentication.LoginPage - entering Invalid Phone to 'Phone 3' textbox
19:05:53.198 [TestNG-tests-1] INFO  platform.pageobjects.Authentication.LoginPage - Login button is clicked
19:05:53.214 [TestNG-tests-1] INFO  platform.pageobjects.Authentication.LoginPage - Login button is clicked
19:06:45.491 [TestNG-tests-1] INFO  platform.pageobjects.Authentication.LoginPage - entering Invalid Kanji Sur Name to 'kanji Sur Name' textbox
19:06:46.242 [TestNG-tests-1] INFO  platform.pageobjects.Authentication.LoginPage - entering Invalid Kanji Name to 'kanji  Name' textbox
19:06:46.964 [TestNG-tests-1] INFO  platform.pageobjects.Authentication.LoginPage - entering Invalid Kanji First Name to 'kanji First Name' textbox
19:06:47.731 [TestNG-tests-1] INFO  platform.pageobjects.Authentication.LoginPage - entering Invalid Kanji Last Name to 'kanji Last Name' textbox
19:06:48.476 [TestNG-tests-1] INFO  platform.pageobjects.Authentication.LoginPage - entering Invalid Postal Code to 'Postal Code 1' textbox
19:06:49.261 [TestNG-tests-1] INFO  platform.pageobjects.Authentication.LoginPage - entering Invalid Postal Code to 'Postal Code 2' textbox
19:06:50.092 [TestNG-tests-1] INFO  platform.pageobjects.Authentication.LoginPage - entering Invalid Address City to 'Address City' textbox
19:06:51.413 [TestNG-tests-1] INFO  platform.pageobjects.Authentication.LoginPage - entering Invalid Address Town to 'Address Town' textbox
19:06:52.159 [TestNG-tests-1] INFO  platform.pageobjects.Authentication.LoginPage - entering Invalid Address Street to 'Address Street' textbox
19:06:52.907 [TestNG-tests-1] INFO  platform.pageobjects.Authentication.LoginPage - entering Invalid Address Apartment to 'Address Apartment' textbox
19:06:53.669 [TestNG-tests-1] INFO  platform.pageobjects.Authentication.LoginPage - entering Invalid Phone to 'Phone 1' textbox
19:06:54.403 [TestNG-tests-1] INFO  platform.pageobjects.Authentication.LoginPage - entering Invalid Phone to 'Phone 2' textbox
19:06:55.156 [TestNG-tests-1] INFO  platform.pageobjects.Authentication.LoginPage - entering Invalid Phone to 'Phone 3' textbox
19:11:53.150 [TestNG-tests-1] INFO  platform.pageobjects.Authentication.LoginPage - Login button is clicked
19:11:53.158 [TestNG-tests-1] INFO  platform.pageobjects.Authentication.LoginPage - Login button is clicked
19:12:43.732 [TestNG-tests-1] INFO  platform.pageobjects.Authentication.LoginPage - entering Invalid Kanji Sur Name to 'kanji Sur Name' textbox
19:12:44.497 [TestNG-tests-1] INFO  platform.pageobjects.Authentication.LoginPage - entering Invalid Kanji Name to 'kanji  Name' textbox
19:12:45.254 [TestNG-tests-1] INFO  platform.pageobjects.Authentication.LoginPage - entering Invalid Kanji First Name to 'kanji First Name' textbox
19:12:45.976 [TestNG-tests-1] INFO  platform.pageobjects.Authentication.LoginPage - entering Invalid Kanji Last Name to 'kanji Last Name' textbox
19:12:46.704 [TestNG-tests-1] INFO  platform.pageobjects.Authentication.LoginPage - entering Invalid Postal Code to 'Postal Code 1' textbox
19:12:47.425 [TestNG-tests-1] INFO  platform.pageobjects.Authentication.LoginPage - entering Invalid Postal Code to 'Postal Code 2' textbox
19:12:48.265 [TestNG-tests-1] INFO  platform.pageobjects.Authentication.LoginPage - entering Invalid Address City to 'Address City' textbox
19:12:49.586 [TestNG-tests-1] INFO  platform.pageobjects.Authentication.LoginPage - entering Invalid Address Town to 'Address Town' textbox
19:12:50.318 [TestNG-tests-1] INFO  platform.pageobjects.Authentication.LoginPage - entering Invalid Address Street to 'Address Street' textbox
19:12:51.053 [TestNG-tests-1] INFO  platform.pageobjects.Authentication.LoginPage - entering Invalid Address Apartment to 'Address Apartment' textbox
19:12:51.771 [TestNG-tests-1] INFO  platform.pageobjects.Authentication.LoginPage - entering Invalid Phone to 'Phone 1' textbox
19:12:52.510 [TestNG-tests-1] INFO  platform.pageobjects.Authentication.LoginPage - entering Invalid Phone to 'Phone 2' textbox
19:12:53.228 [TestNG-tests-1] INFO  platform.pageobjects.Authentication.LoginPage - entering Invalid Phone to 'Phone 3' textbox
19:16:51.037 [TestNG-tests-1] INFO  platform.pageobjects.Authentication.LoginPage - Login button is clicked
19:16:51.043 [TestNG-tests-1] INFO  platform.pageobjects.Authentication.LoginPage - Login button is clicked
19:17:17.274 [TestNG-tests-1] INFO  platform.pageobjects.Authentication.LoginPage - entering Invalid Kanji Sur Name to 'kanji Sur Name' textbox
19:17:18.006 [TestNG-tests-1] INFO  platform.pageobjects.Authentication.LoginPage - entering Invalid Kanji Name to 'kanji  Name' textbox
19:17:18.745 [TestNG-tests-1] INFO  platform.pageobjects.Authentication.LoginPage - entering Invalid Kanji First Name to 'kanji First Name' textbox
19:17:19.458 [TestNG-tests-1] INFO  platform.pageobjects.Authentication.LoginPage - entering Invalid Kanji Last Name to 'kanji Last Name' textbox
19:17:20.174 [TestNG-tests-1] INFO  platform.pageobjects.Authentication.LoginPage - entering Invalid Postal Code to 'Postal Code 1' textbox
19:17:20.940 [TestNG-tests-1] INFO  platform.pageobjects.Authentication.LoginPage - entering Invalid Postal Code to 'Postal Code 2' textbox
19:17:21.734 [TestNG-tests-1] INFO  platform.pageobjects.Authentication.LoginPage - entering Invalid Address City to 'Address City' textbox
19:17:23.031 [TestNG-tests-1] INFO  platform.pageobjects.Authentication.LoginPage - entering Invalid Address Town to 'Address Town' textbox
19:17:23.783 [TestNG-tests-1] INFO  platform.pageobjects.Authentication.LoginPage - entering Invalid Address Street to 'Address Street' textbox
19:17:24.535 [TestNG-tests-1] INFO  platform.pageobjects.Authentication.LoginPage - entering Invalid Address Apartment to 'Address Apartment' textbox
19:17:25.252 [TestNG-tests-1] INFO  platform.pageobjects.Authentication.LoginPage - entering Invalid Phone to 'Phone 1' textbox
19:17:26.008 [TestNG-tests-1] INFO  platform.pageobjects.Authentication.LoginPage - entering Invalid Phone to 'Phone 2' textbox
19:17:26.763 [TestNG-tests-1] INFO  platform.pageobjects.Authentication.LoginPage - entering Invalid Phone to 'Phone 3' textbox
